Arguments: 
  /usr/local/bin/node /usr/local/bin/yarn add node:path

PATH: 
  /usr/local/bin:/usr/bin:/bin:/usr/sbin:/sbin:/Users/panchongyang/.cargo/bin

Yarn version: 
  1.22.19

Node version: 
  18.16.0

Platform: 
  darwin x64

Trace: 
  Error: https://npm.corp.kuaishou.com/node:path: invalid package
      at params.callback [as _callback] (/usr/local/lib/node_modules/yarn/lib/cli.js:66145:18)
      at self.callback (/usr/local/lib/node_modules/yarn/lib/cli.js:140890:22)
      at Request.emit (node:events:513:28)
      at Request.<anonymous> (/usr/local/lib/node_modules/yarn/lib/cli.js:141862:10)
      at Request.emit (node:events:513:28)
      at IncomingMessage.<anonymous> (/usr/local/lib/node_modules/yarn/lib/cli.js:141784:12)
      at Object.onceWrapper (node:events:627:28)
      at IncomingMessage.emit (node:events:525:35)
      at endReadableNT (node:internal/streams/readable:1359:12)
      at process.processTicksAndRejections (node:internal/process/task_queues:82:21)

npm manifest: 
  {
    "dependencies": {
      "@rollup/plugin-replace": "^5.0.3",
      "antd": "^5.10.0",
      "dayjs": "^1.11.10",
      "path": "^0.12.7",
      "react": "^18.2.0",
      "react-dom": "^18.2.0",
      "vite": "^4.4.11",
      "vite-plugin-build": "^0.10.0"
    },
    "scripts": {
      "build:lib": "vite build --config vite.config.lib.ts",
      "build": "vite build"
    }
  }

yarn manifest: 
  No manifest

Lockfile: 
  # THIS IS AN AUTOGENERATED FILE. DO NOT EDIT THIS FILE DIRECTLY.
  # yarn lockfile v1
  
  
  "@ant-design/colors@^7.0.0":
    version "7.0.0"
    resolved "https://npm.corp.kuaishou.com/@ant-design/colors/-/colors-7.0.0.tgz#eb7eecead124c3533aea05d61254f0a17f2b61b3"
    integrity sha512-iVm/9PfGCbC0dSMBrz7oiEXZaaGH7ceU40OJEfKmyuzR9R5CRimJYPlRiFtMQGQcbNMea/ePcoIebi4ASGYXtg==
    dependencies:
      "@ctrl/tinycolor" "^3.4.0"
  
  "@ant-design/cssinjs@^1.17.0":
    version "1.17.0"
    resolved "https://npm.corp.kuaishou.com/@ant-design/cssinjs/-/cssinjs-1.17.0.tgz#a3f69cf5131539b76ccdbfced43d242557599fea"
    integrity sha512-MgGCZ6sfD3yQB0XW0hN4jgixMxApTlDYyct+pc7fRZNO4CaqWWm/9iXkkljNR27lyWLZmm+XiDfcIOo1bnrnMA==
    dependencies:
      "@babel/runtime" "^7.11.1"
      "@emotion/hash" "^0.8.0"
      "@emotion/unitless" "^0.7.5"
      classnames "^2.3.1"
      csstype "^3.0.10"
      rc-util "^5.35.0"
      stylis "^4.0.13"
  
  "@ant-design/icons-svg@^4.3.0":
    version "4.3.1"
    resolved "https://npm.corp.kuaishou.com/@ant-design/icons-svg/-/icons-svg-4.3.1.tgz#4b2f65a17d4d32b526baa6414aca2117382bf8da"
    integrity sha512-4QBZg8ccyC6LPIRii7A0bZUk3+lEDCLnhB+FVsflGdcWPPmV+j3fire4AwwoqHV/BibgvBmR9ZIo4s867smv+g==
  
  "@ant-design/icons@^5.2.6":
    version "5.2.6"
    resolved "https://npm.corp.kuaishou.com/@ant-design/icons/-/icons-5.2.6.tgz#2d4a9a37f531eb2a20cebec01d6fb69cf593900d"
    integrity sha512-4wn0WShF43TrggskBJPRqCD0fcHbzTYjnaoskdiJrVHg86yxoZ8ZUqsXvyn4WUqehRiFKnaclOhqk9w4Ui2KVw==
    dependencies:
      "@ant-design/colors" "^7.0.0"
      "@ant-design/icons-svg" "^4.3.0"
      "@babel/runtime" "^7.11.2"
      classnames "^2.2.6"
      rc-util "^5.31.1"
  
  "@ant-design/react-slick@~1.0.2":
    version "1.0.2"
    resolved "https://npm.corp.kuaishou.com/@ant-design/react-slick/-/react-slick-1.0.2.tgz#241bb412aeacf7ff5d50c61fa5db66773fde6b56"
    integrity sha512-Wj8onxL/T8KQLFFiCA4t8eIRGpRR+UPgOdac2sYzonv+i0n3kXHmvHLLiOYL655DQx2Umii9Y9nNgL7ssu5haQ==
    dependencies:
      "@babel/runtime" "^7.10.4"
      classnames "^2.2.5"
      json2mq "^0.2.0"
      resize-observer-polyfill "^1.5.1"
      throttle-debounce "^5.0.0"
  
  "@babel/parser@^7.20.15", "@babel/parser@^7.21.3":
    version "7.23.0"
    resolved "https://npm.corp.kuaishou.com/@babel/parser/-/parser-7.23.0.tgz#da950e622420bf96ca0d0f2909cdddac3acd8719"
    integrity sha512-vvPKKdMemU85V9WE/l5wZEmImpCtLqbnTvqDS2U1fJ96KrxoW7KrXhNsNCblQlg8Ck4b85yxdTyelsMUgFUXiw==
  
  "@babel/runtime@^7.10.1", "@babel/runtime@^7.10.4", "@babel/runtime@^7.11.1", "@babel/runtime@^7.11.2", "@babel/runtime@^7.12.5", "@babel/runtime@^7.16.7", "@babel/runtime@^7.18.0", "@babel/runtime@^7.18.3", "@babel/runtime@^7.20.0", "@babel/runtime@^7.20.7", "@babel/runtime@^7.21.0", "@babel/runtime@^7.22.5":
    version "7.23.1"
    resolved "https://npm.corp.kuaishou.com/@babel/runtime/-/runtime-7.23.1.tgz#72741dc4d413338a91dcb044a86f3c0bc402646d"
    integrity sha512-hC2v6p8ZSI/W0HUzh3V8C5g+NwSKzKPtJwSpTjwl0o297GP9+ZLQSkdvHz46CM3LqyoXxq+5G9komY+eSqSO0g==
    dependencies:
      regenerator-runtime "^0.14.0"
  
  "@ctrl/tinycolor@^3.4.0", "@ctrl/tinycolor@^3.6.0", "@ctrl/tinycolor@^3.6.1":
    version "3.6.1"
    resolved "https://npm.corp.kuaishou.com/@ctrl/tinycolor/-/tinycolor-3.6.1.tgz#b6c75a56a1947cc916ea058772d666a2c8932f31"
    integrity sha512-SITSV6aIXsuVNV3f3O0f2n/cgyEDWoSqtZMYiAmcsYHydcKrOz3gUxB/iXd/Qf08+IZX4KpgNbvUdMBmWz+kcA==
  
  "@emotion/hash@^0.8.0":
    version "0.8.0"
    resolved "https://npm.corp.kuaishou.com/@emotion/hash/-/hash-0.8.0.tgz#bbbff68978fefdbe68ccb533bc8cbe1d1afb5413"
    integrity sha512-kBJtf7PH6aWwZ6fka3zQ0p6SBYzx4fl1LoZXE2RrnYST9Xljm7WfKJrU4g/Xr3Beg72MLrp1AWNUmuYJTL7Cow==
  
  "@emotion/unitless@^0.7.5":
    version "0.7.5"
    resolved "https://npm.corp.kuaishou.com/@emotion/unitless/-/unitless-0.7.5.tgz#77211291c1900a700b8a78cfafda3160d76949ed"
    integrity sha512-OWORNpfjMsSSUBVrRBVGECkhWcULOAJz9ZW8uK9qgxD+87M7jHRcvh/A96XXNhXTLmKcoYSQtBEX7lHMO7YRwg==
  
  "@esbuild/android-arm64@0.18.20":
    version "0.18.20"
    resolved "https://npm.corp.kuaishou.com/@esbuild/android-arm64/-/android-arm64-0.18.20.tgz#984b4f9c8d0377443cc2dfcef266d02244593622"
    integrity sha512-Nz4rJcchGDtENV0eMKUNa6L12zz2zBDXuhj/Vjh18zGqB44Bi7MBMSXjgunJgjRhCmKOjnPuZp4Mb6OKqtMHLQ==
  
  "@esbuild/android-arm@0.18.20":
    version "0.18.20"
    resolved "https://npm.corp.kuaishou.com/@esbuild/android-arm/-/android-arm-0.18.20.tgz#fedb265bc3a589c84cc11f810804f234947c3682"
    integrity sha512-fyi7TDI/ijKKNZTUJAQqiG5T7YjJXgnzkURqmGj13C6dCqckZBLdl4h7bkhHt/t0WP+zO9/zwroDvANaOqO5Sw==
  
  "@esbuild/android-x64@0.18.20":
    version "0.18.20"
    resolved "https://npm.corp.kuaishou.com/@esbuild/android-x64/-/android-x64-0.18.20.tgz#35cf419c4cfc8babe8893d296cd990e9e9f756f2"
    integrity sha512-8GDdlePJA8D6zlZYJV/jnrRAi6rOiNaCC/JclcXpB+KIuvfBN4owLtgzY2bsxnx666XjJx2kDPUmnTtR8qKQUg==
  
  "@esbuild/darwin-arm64@0.18.20":
    version "0.18.20"
    resolved "https://npm.corp.kuaishou.com/@esbuild/darwin-arm64/-/darwin-arm64-0.18.20.tgz#08172cbeccf95fbc383399a7f39cfbddaeb0d7c1"
    integrity sha512-bxRHW5kHU38zS2lPTPOyuyTm+S+eobPUnTNkdJEfAddYgEcll4xkT8DB9d2008DtTbl7uJag2HuE5NZAZgnNEA==
  
  "@esbuild/darwin-x64@0.18.20":
    version "0.18.20"
    resolved "https://npm.corp.kuaishou.com/@esbuild/darwin-x64/-/darwin-x64-0.18.20.tgz#d70d5790d8bf475556b67d0f8b7c5bdff053d85d"
    integrity sha512-pc5gxlMDxzm513qPGbCbDukOdsGtKhfxD1zJKXjCCcU7ju50O7MeAZ8c4krSJcOIJGFR+qx21yMMVYwiQvyTyQ==
  
  "@esbuild/freebsd-arm64@0.18.20":
    version "0.18.20"
    resolved "https://npm.corp.kuaishou.com/@esbuild/freebsd-arm64/-/freebsd-arm64-0.18.20.tgz#98755cd12707f93f210e2494d6a4b51b96977f54"
    integrity sha512-yqDQHy4QHevpMAaxhhIwYPMv1NECwOvIpGCZkECn8w2WFHXjEwrBn3CeNIYsibZ/iZEUemj++M26W3cNR5h+Tw==
  
  "@esbuild/freebsd-x64@0.18.20":
    version "0.18.20"
    resolved "https://npm.corp.kuaishou.com/@esbuild/freebsd-x64/-/freebsd-x64-0.18.20.tgz#c1eb2bff03915f87c29cece4c1a7fa1f423b066e"
    integrity sha512-tgWRPPuQsd3RmBZwarGVHZQvtzfEBOreNuxEMKFcd5DaDn2PbBxfwLcj4+aenoh7ctXcbXmOQIn8HI6mCSw5MQ==
  
  "@esbuild/linux-arm64@0.18.20":
    version "0.18.20"
    resolved "https://npm.corp.kuaishou.com/@esbuild/linux-arm64/-/linux-arm64-0.18.20.tgz#bad4238bd8f4fc25b5a021280c770ab5fc3a02a0"
    integrity sha512-2YbscF+UL7SQAVIpnWvYwM+3LskyDmPhe31pE7/aoTMFKKzIc9lLbyGUpmmb8a8AixOL61sQ/mFh3jEjHYFvdA==
  
  "@esbuild/linux-arm@0.18.20":
    version "0.18.20"
    resolved "https://npm.corp.kuaishou.com/@esbuild/linux-arm/-/linux-arm-0.18.20.tgz#3e617c61f33508a27150ee417543c8ab5acc73b0"
    integrity sha512-/5bHkMWnq1EgKr1V+Ybz3s1hWXok7mDFUMQ4cG10AfW3wL02PSZi5kFpYKrptDsgb2WAJIvRcDm+qIvXf/apvg==
  
  "@esbuild/linux-ia32@0.18.20":
    version "0.18.20"
    resolved "https://npm.corp.kuaishou.com/@esbuild/linux-ia32/-/linux-ia32-0.18.20.tgz#699391cccba9aee6019b7f9892eb99219f1570a7"
    integrity sha512-P4etWwq6IsReT0E1KHU40bOnzMHoH73aXp96Fs8TIT6z9Hu8G6+0SHSw9i2isWrD2nbx2qo5yUqACgdfVGx7TA==
  
  "@esbuild/linux-loong64@0.18.20":
    version "0.18.20"
    resolved "https://npm.corp.kuaishou.com/@esbuild/linux-loong64/-/linux-loong64-0.18.20.tgz#e6fccb7aac178dd2ffb9860465ac89d7f23b977d"
    integrity sha512-nXW8nqBTrOpDLPgPY9uV+/1DjxoQ7DoB2N8eocyq8I9XuqJ7BiAMDMf9n1xZM9TgW0J8zrquIb/A7s3BJv7rjg==
  
  "@esbuild/linux-mips64el@0.18.20":
    version "0.18.20"
    resolved "https://npm.corp.kuaishou.com/@esbuild/linux-mips64el/-/linux-mips64el-0.18.20.tgz#eeff3a937de9c2310de30622a957ad1bd9183231"
    integrity sha512-d5NeaXZcHp8PzYy5VnXV3VSd2D328Zb+9dEq5HE6bw6+N86JVPExrA6O68OPwobntbNJ0pzCpUFZTo3w0GyetQ==
  
  "@esbuild/linux-ppc64@0.18.20":
    version "0.18.20"
    resolved "https://npm.corp.kuaishou.com/@esbuild/linux-ppc64/-/linux-ppc64-0.18.20.tgz#2f7156bde20b01527993e6881435ad79ba9599fb"
    integrity sha512-WHPyeScRNcmANnLQkq6AfyXRFr5D6N2sKgkFo2FqguP44Nw2eyDlbTdZwd9GYk98DZG9QItIiTlFLHJHjxP3FA==
  
  "@esbuild/linux-riscv64@0.18.20":
    version "0.18.20"
    resolved "https://npm.corp.kuaishou.com/@esbuild/linux-riscv64/-/linux-riscv64-0.18.20.tgz#6628389f210123d8b4743045af8caa7d4ddfc7a6"
    integrity sha512-WSxo6h5ecI5XH34KC7w5veNnKkju3zBRLEQNY7mv5mtBmrP/MjNBCAlsM2u5hDBlS3NGcTQpoBvRzqBcRtpq1A==
  
  "@esbuild/linux-s390x@0.18.20":
    version "0.18.20"
    resolved "https://npm.corp.kuaishou.com/@esbuild/linux-s390x/-/linux-s390x-0.18.20.tgz#255e81fb289b101026131858ab99fba63dcf0071"
    integrity sha512-+8231GMs3mAEth6Ja1iK0a1sQ3ohfcpzpRLH8uuc5/KVDFneH6jtAJLFGafpzpMRO6DzJ6AvXKze9LfFMrIHVQ==
  
  "@esbuild/linux-x64@0.18.20":
    version "0.18.20"
    resolved "https://npm.corp.kuaishou.com/@esbuild/linux-x64/-/linux-x64-0.18.20.tgz#c7690b3417af318a9b6f96df3031a8865176d338"
    integrity sha512-UYqiqemphJcNsFEskc73jQ7B9jgwjWrSayxawS6UVFZGWrAAtkzjxSqnoclCXxWtfwLdzU+vTpcNYhpn43uP1w==
  
  "@esbuild/netbsd-x64@0.18.20":
    version "0.18.20"
    resolved "https://npm.corp.kuaishou.com/@esbuild/netbsd-x64/-/netbsd-x64-0.18.20.tgz#30e8cd8a3dded63975e2df2438ca109601ebe0d1"
    integrity sha512-iO1c++VP6xUBUmltHZoMtCUdPlnPGdBom6IrO4gyKPFFVBKioIImVooR5I83nTew5UOYrk3gIJhbZh8X44y06A==
  
  "@esbuild/openbsd-x64@0.18.20":
    version "0.18.20"
    resolved "https://npm.corp.kuaishou.com/@esbuild/openbsd-x64/-/openbsd-x64-0.18.20.tgz#7812af31b205055874c8082ea9cf9ab0da6217ae"
    integrity sha512-e5e4YSsuQfX4cxcygw/UCPIEP6wbIL+se3sxPdCiMbFLBWu0eiZOJ7WoD+ptCLrmjZBK1Wk7I6D/I3NglUGOxg==
  
  "@esbuild/sunos-x64@0.18.20":
    version "0.18.20"
    resolved "https://npm.corp.kuaishou.com/@esbuild/sunos-x64/-/sunos-x64-0.18.20.tgz#d5c275c3b4e73c9b0ecd38d1ca62c020f887ab9d"
    integrity sha512-kDbFRFp0YpTQVVrqUd5FTYmWo45zGaXe0X8E1G/LKFC0v8x0vWrhOWSLITcCn63lmZIxfOMXtCfti/RxN/0wnQ==
  
  "@esbuild/win32-arm64@0.18.20":
    version "0.18.20"
    resolved "https://npm.corp.kuaishou.com/@esbuild/win32-arm64/-/win32-arm64-0.18.20.tgz#73bc7f5a9f8a77805f357fab97f290d0e4820ac9"
    integrity sha512-ddYFR6ItYgoaq4v4JmQQaAI5s7npztfV4Ag6NrhiaW0RrnOXqBkgwZLofVTlq1daVTQNhtI5oieTvkRPfZrePg==
  
  "@esbuild/win32-ia32@0.18.20":
    version "0.18.20"
    resolved "https://npm.corp.kuaishou.com/@esbuild/win32-ia32/-/win32-ia32-0.18.20.tgz#ec93cbf0ef1085cc12e71e0d661d20569ff42102"
    integrity sha512-Wv7QBi3ID/rROT08SABTS7eV4hX26sVduqDOTe1MvGMjNd3EjOz4b7zeexIR62GTIEKrfJXKL9LFxTYgkyeu7g==
  
  "@esbuild/win32-x64@0.18.20":
    version "0.18.20"
    resolved "https://npm.corp.kuaishou.com/@esbuild/win32-x64/-/win32-x64-0.18.20.tgz#786c5f41f043b07afb1af37683d7c33668858f6d"
    integrity sha512-kTdfRcSiDfQca/y9QIkng02avJ+NCaQvrMejlsB3RRv5sE9rRoeBPISaZpKxHELzRxZyLvNts1P27W3wV+8geQ==
  
  "@jridgewell/sourcemap-codec@^1.4.13", "@jridgewell/sourcemap-codec@^1.4.15":
    version "1.4.15"
    resolved "https://npm.corp.kuaishou.com/@jridgewell/sourcemap-codec/-/sourcemap-codec-1.4.15.tgz#d7c6e6755c78567a951e04ab52ef0fd26de59f32"
    integrity sha512-eF2rxCRulEKXHTRiDrDy6erMYWqNw4LPdQ8UQA4huuxaQsVeRPFl2oM8oDGxMFhJUWZf9McpLtJasDDZb/Bpeg==
  
  "@nodelib/fs.scandir@2.1.5":
    version "2.1.5"
    resolved "https://npm.corp.kuaishou.com/@nodelib/fs.scandir/-/fs.scandir-2.1.5.tgz#7619c2eb21b25483f6d167548b4cfd5a7488c3d5"
    integrity sha512-vq24Bq3ym5HEQm2NKCr3yXDwjc7vTsEThRDnkp2DK9p1uqLR+DHurm/NOTo0KG7HYHU7eppKZj3MyqYuMBf62g==
    dependencies:
      "@nodelib/fs.stat" "2.0.5"
      run-parallel "^1.1.9"
  
  "@nodelib/fs.stat@2.0.5", "@nodelib/fs.stat@^2.0.2":
    version "2.0.5"
    resolved "https://npm.corp.kuaishou.com/@nodelib/fs.stat/-/fs.stat-2.0.5.tgz#5bd262af94e9d25bd1e71b05deed44876a222e8b"
    integrity sha512-RkhPPp2zrqDAQA/2jNhnztcPAlv64XdhIp7a7454A5ovI7Bukxgt7MX7udwAu3zg1DcpPU0rz3VV1SeaqvY4+A==
  
  "@nodelib/fs.walk@^1.2.3":
    version "1.2.8"
    resolved "https://npm.corp.kuaishou.com/@nodelib/fs.walk/-/fs.walk-1.2.8.tgz#e95737e8bb6746ddedf69c556953494f196fe69a"
    integrity sha512-oGB+UxlgWcgQkgwo8GcEGwemoTFt3FIO9ababBmaGwXIoBKZ+GTy0pP185beGg7Llih/NSHSV2XAs1lnznocSg==
    dependencies:
      "@nodelib/fs.scandir" "2.1.5"
      fastq "^1.6.0"
  
  "@rc-component/color-picker@~1.4.1":
    version "1.4.1"
    resolved "https://npm.corp.kuaishou.com/@rc-component/color-picker/-/color-picker-1.4.1.tgz#dcab0b660e9c4ed63a7582db68ed4a77c862cb93"
    integrity sha512-vh5EWqnsayZa/JwUznqDaPJz39jznx/YDbyBuVJntv735tKXKwEUZZb2jYEldOg+NKWZwtALjGMrNeGBmqFoEw==
    dependencies:
      "@babel/runtime" "^7.10.1"
      "@ctrl/tinycolor" "^3.6.0"
      classnames "^2.2.6"
      rc-util "^5.30.0"
  
  "@rc-component/context@^1.4.0":
    version "1.4.0"
    resolved "https://npm.corp.kuaishou.com/@rc-component/context/-/context-1.4.0.tgz#dc6fb021d6773546af8f016ae4ce9aea088395e8"
    integrity sha512-kFcNxg9oLRMoL3qki0OMxK+7g5mypjgaaJp/pkOis/6rVxma9nJBF/8kCIuTYHUQNr0ii7MxqE33wirPZLJQ2w==
    dependencies:
      "@babel/runtime" "^7.10.1"
      rc-util "^5.27.0"
  
  "@rc-component/mini-decimal@^1.0.1":
    version "1.1.0"
    resolved "https://npm.corp.kuaishou.com/@rc-component/mini-decimal/-/mini-decimal-1.1.0.tgz#7b7a362b14a0a54cb5bc6fd2b82731f29f11d9b0"
    integrity sha512-jS4E7T9Li2GuYwI6PyiVXmxTiM6b07rlD9Ge8uGZSCz3WlzcG5ZK7g5bbuKNeZ9pgUuPK/5guV781ujdVpm4HQ==
    dependencies:
      "@babel/runtime" "^7.18.0"
  
  "@rc-component/mutate-observer@^1.1.0":
    version "1.1.0"
    resolved "https://npm.corp.kuaishou.com/@rc-component/mutate-observer/-/mutate-observer-1.1.0.tgz#ee53cc88b78aade3cd0653609215a44779386fd8"
    integrity sha512-QjrOsDXQusNwGZPf4/qRQasg7UFEj06XiCJ8iuiq/Io7CrHrgVi6Uuetw60WAMG1799v+aM8kyc+1L/GBbHSlw==
    dependencies:
      "@babel/runtime" "^7.18.0"
      classnames "^2.3.2"
      rc-util "^5.24.4"
  
  "@rc-component/portal@^1.0.0-8", "@rc-component/portal@^1.0.0-9", "@rc-component/portal@^1.0.2", "@rc-component/portal@^1.1.0", "@rc-component/portal@^1.1.1":
    version "1.1.2"
    resolved "https://npm.corp.kuaishou.com/@rc-component/portal/-/portal-1.1.2.tgz#55db1e51d784e034442e9700536faaa6ab63fc71"
    integrity sha512-6f813C0IsasTZms08kfA8kPAGxbbkYToa8ALaiDIGGECU4i9hj8Plgbx0sNJDrey3EtHO30hmdaxtT0138xZcg==
    dependencies:
      "@babel/runtime" "^7.18.0"
      classnames "^2.3.2"
      rc-util "^5.24.4"
  
  "@rc-component/tour@~1.10.0":
    version "1.10.0"
    resolved "https://npm.corp.kuaishou.com/@rc-component/tour/-/tour-1.10.0.tgz#b05bc327438f1c583439e2d2dcc10ec0530aea19"
    integrity sha512-voV0BKaTJbewB9LLgAHQ7tAGG7rgDkKQkZo82xw2gIk542hY+o7zwoqdN16oHhIKk7eG/xi+mdXrONT62Dt57A==
    dependencies:
      "@babel/runtime" "^7.18.0"
      "@rc-component/portal" "^1.0.0-9"
      "@rc-component/trigger" "^1.3.6"
      classnames "^2.3.2"
      rc-util "^5.24.4"
  
  "@rc-component/trigger@^1.17.0", "@rc-component/trigger@^1.3.6", "@rc-component/trigger@^1.5.0", "@rc-component/trigger@^1.7.0":
    version "1.17.0"
    resolved "https://npm.corp.kuaishou.com/@rc-component/trigger/-/trigger-1.17.0.tgz#4d9522ae3ceb482dc4c35cbb1f84021bd94d7414"
    integrity sha512-KN+lKHCi7L4kjuA9DU2PnwZxtIyes6R1wsexp0/Rnjr/ITELsPuC9kpzDK1+7AZMarDXUAHUdDGS2zUNEx2P0g==
    dependencies:
      "@babel/runtime" "^7.18.3"
      "@rc-component/portal" "^1.1.0"
      classnames "^2.3.2"
      rc-align "^4.0.0"
      rc-motion "^2.0.0"
      rc-resize-observer "^1.3.1"
      rc-util "^5.33.0"
  
  "@rollup/plugin-replace@^5.0.3":
    version "5.0.3"
    resolved "https://npm.corp.kuaishou.com/@rollup/plugin-replace/-/plugin-replace-5.0.3.tgz#55a4550bd6d5e83a65df3d201e0b3d219be7b4b2"
    integrity sha512-je7fu05B800IrMlWjb2wzJcdXzHYW46iTipfChnBDbIbDXhASZs27W1B58T2Yf45jZtJUONegpbce+9Ut2Ti/Q==
    dependencies:
      "@rollup/pluginutils" "^5.0.1"
      magic-string "^0.27.0"
  
  "@rollup/pluginutils@^5.0.1":
    version "5.0.5"
    resolved "https://npm.corp.kuaishou.com/@rollup/pluginutils/-/pluginutils-5.0.5.tgz#bbb4c175e19ebfeeb8c132c2eea0ecb89941a66c"
    integrity sha512-6aEYR910NyP73oHiJglti74iRyOwgFU4x3meH/H8OJx6Ry0j6cOVZ5X/wTvub7G7Ao6qaHBEaNsV3GLJkSsF+Q==
    dependencies:
      "@types/estree" "^1.0.0"
      estree-walker "^2.0.2"
      picomatch "^2.3.1"
  
  "@types/estree@^1.0.0":
    version "1.0.2"
    resolved "https://npm.corp.kuaishou.com/@types/estree/-/estree-1.0.2.tgz#ff02bc3dc8317cd668dfec247b750ba1f1d62453"
    integrity sha512-VeiPZ9MMwXjO32/Xu7+OwflfmeoRwkE/qzndw42gGtgJwZopBnzy2gD//NN1+go1mADzkDcqf/KnFRSjTJ8xJA==
  
  "@volar/code-gen@0.39.5":
    version "0.39.5"
    resolved "https://npm.corp.kuaishou.com/@volar/code-gen/-/code-gen-0.39.5.tgz#971aad44cf9cfaf047c39dbc495ac061c66989da"
    integrity sha512-vQr5VoCH8T2NHmqLc/AA1/4F8l41WB+24+I+VjxBaev/Hmwjye9K0GlmMHAOl84WB3hWGOqpHaPX6JkqzRNjJg==
    dependencies:
      "@volar/source-map" "0.39.5"
  
  "@volar/source-map@0.39.5":
    version "0.39.5"
    resolved "https://npm.corp.kuaishou.com/@volar/source-map/-/source-map-0.39.5.tgz#0ee7308f718bc0fb280c22f3252968d04750fac6"
    integrity sha512-IVOX+v++Sr5Kok4/cLbDJp2vf1ia1rChpV7adgcnMle6uORBuGFEur234UzamK0iHRCcfFFRz7z+hSPf2CO23Q==
  
  "@volar/typescript-faster@0.39.5":
    version "0.39.5"
    resolved "https://npm.corp.kuaishou.com/@volar/typescript-faster/-/typescript-faster-0.39.5.tgz#433b1d8caa981f6e5ff1ccc6fde4a1bdb9b25db8"
    integrity sha512-IzLqlxefmKkjNKXC/8aFiqPcTqnj6RG31D2f9cIWxmW9pvUYJxLED+y9phnOxNxq0OmeRtQ3Pfmvu85tUBoZsQ==
    dependencies:
      semver "^7.3.7"
  
  "@volar/vue-code-gen@0.39.5":
    version "0.39.5"
    resolved "https://npm.corp.kuaishou.com/@volar/vue-code-gen/-/vue-code-gen-0.39.5.tgz#b16e52de668bd465e3b74a5785dda712979a1bcc"
    integrity sha512-y+QUV9MuuasiIuRoGKQl+gMhDaAX6XNhckAyJCvD1FZ8f2eJuPY2VtoFxmu/Z2bGWBdtUW/g98jaeKJ+j3wwOw==
    dependencies:
      "@volar/code-gen" "0.39.5"
      "@volar/source-map" "0.39.5"
      "@vue/compiler-core" "^3.2.37"
      "@vue/compiler-dom" "^3.2.37"
      "@vue/shared" "^3.2.37"
  
  "@volar/vue-language-core@0.39.5":
    version "0.39.5"
    resolved "https://npm.corp.kuaishou.com/@volar/vue-language-core/-/vue-language-core-0.39.5.tgz#9f4d83c452f6d5a1a67b3cf2e95e0b456e86549c"
    integrity sha512-m+e1tYuL/WRPhSeC7hZ0NuSwHsfnnGJVxCBHLaP7jR0f6xcC0DAegP3QF+gfu9ZJFPGznpZYFKadngMjuhQS9Q==
    dependencies:
      "@volar/code-gen" "0.39.5"
      "@volar/source-map" "0.39.5"
      "@volar/vue-code-gen" "0.39.5"
      "@vue/compiler-sfc" "^3.2.37"
      "@vue/reactivity" "^3.2.37"
  
  "@volar/vue-typescript@0.39.5":
    version "0.39.5"
    resolved "https://npm.corp.kuaishou.com/@volar/vue-typescript/-/vue-typescript-0.39.5.tgz#3c57befd4c996fef8df70d171ba531871f215535"
    integrity sha512-ckhWD1xOi0OMr702XVkv/Npsb9FKAp5gvhxyLv0QqWekPdSo04t4KrZfwosJLGERIEcyr50SuB7HqBp8ndQmzA==
    dependencies:
      "@volar/code-gen" "0.39.5"
      "@volar/typescript-faster" "0.39.5"
      "@volar/vue-language-core" "0.39.5"
  
  "@vue/compiler-core@3.3.4", "@vue/compiler-core@^3.2.37":
    version "3.3.4"
    resolved "https://npm.corp.kuaishou.com/@vue/compiler-core/-/compiler-core-3.3.4.tgz#7fbf591c1c19e1acd28ffd284526e98b4f581128"
    integrity sha512-cquyDNvZ6jTbf/+x+AgM2Arrp6G4Dzbb0R64jiG804HRMfRiFXWI6kqUVqZ6ZR0bQhIoQjB4+2bhNtVwndW15g==
    dependencies:
      "@babel/parser" "^7.21.3"
      "@vue/shared" "3.3.4"
      estree-walker "^2.0.2"
      source-map-js "^1.0.2"
  
  "@vue/compiler-dom@3.3.4", "@vue/compiler-dom@^3.2.37":
    version "3.3.4"
    resolved "https://npm.corp.kuaishou.com/@vue/compiler-dom/-/compiler-dom-3.3.4.tgz#f56e09b5f4d7dc350f981784de9713d823341151"
    integrity sha512-wyM+OjOVpuUukIq6p5+nwHYtj9cFroz9cwkfmP9O1nzH68BenTTv0u7/ndggT8cIQlnBeOo6sUT/gvHcIkLA5w==
    dependencies:
      "@vue/compiler-core" "3.3.4"
      "@vue/shared" "3.3.4"
  
  "@vue/compiler-sfc@^3.2.37":
    version "3.3.4"
    resolved "https://npm.corp.kuaishou.com/@vue/compiler-sfc/-/compiler-sfc-3.3.4.tgz#b19d942c71938893535b46226d602720593001df"
    integrity sha512-6y/d8uw+5TkCuzBkgLS0v3lSM3hJDntFEiUORM11pQ/hKvkhSKZrXW6i69UyXlJQisJxuUEJKAWEqWbWsLeNKQ==
    dependencies:
      "@babel/parser" "^7.20.15"
      "@vue/compiler-core" "3.3.4"
      "@vue/compiler-dom" "3.3.4"
      "@vue/compiler-ssr" "3.3.4"
      "@vue/reactivity-transform" "3.3.4"
      "@vue/shared" "3.3.4"
      estree-walker "^2.0.2"
      magic-string "^0.30.0"
      postcss "^8.1.10"
      source-map-js "^1.0.2"
  
  "@vue/compiler-ssr@3.3.4":
    version "3.3.4"
    resolved "https://npm.corp.kuaishou.com/@vue/compiler-ssr/-/compiler-ssr-3.3.4.tgz#9d1379abffa4f2b0cd844174ceec4a9721138777"
    integrity sha512-m0v6oKpup2nMSehwA6Uuu+j+wEwcy7QmwMkVNVfrV9P2qE5KshC6RwOCq8fjGS/Eak/uNb8AaWekfiXxbBB6gQ==
    dependencies:
      "@vue/compiler-dom" "3.3.4"
      "@vue/shared" "3.3.4"
  
  "@vue/reactivity-transform@3.3.4":
    version "3.3.4"
    resolved "https://npm.corp.kuaishou.com/@vue/reactivity-transform/-/reactivity-transform-3.3.4.tgz#52908476e34d6a65c6c21cd2722d41ed8ae51929"
    integrity sha512-MXgwjako4nu5WFLAjpBnCj/ieqcjE2aJBINUNQzkZQfzIZA4xn+0fV1tIYBJvvva3N3OvKGofRLvQIwEQPpaXw==
    dependencies:
      "@babel/parser" "^7.20.15"
      "@vue/compiler-core" "3.3.4"
      "@vue/shared" "3.3.4"
      estree-walker "^2.0.2"
      magic-string "^0.30.0"
  
  "@vue/reactivity@^3.2.37":
    version "3.3.4"
    resolved "https://npm.corp.kuaishou.com/@vue/reactivity/-/reactivity-3.3.4.tgz#a27a29c6cd17faba5a0e99fbb86ee951653e2253"
    integrity sha512-kLTDLwd0B1jG08NBF3R5rqULtv/f8x3rOFByTDz4J53ttIQEDmALqKqXY0J+XQeN0aV2FBxY8nJDf88yvOPAqQ==
    dependencies:
      "@vue/shared" "3.3.4"
  
  "@vue/shared@3.3.4", "@vue/shared@^3.2.37":
    version "3.3.4"
    resolved "https://npm.corp.kuaishou.com/@vue/shared/-/shared-3.3.4.tgz#06e83c5027f464eef861c329be81454bc8b70780"
    integrity sha512-7OjdcV8vQ74eiz1TZLzZP4JwqM5fA94K6yntPS5Z25r9HDuGNzaGdgvwKYq6S+MxwF0TFRwe50fIR/MYnakdkQ==
  
  antd@^5.10.0:
    version "5.10.0"
    resolved "https://npm.corp.kuaishou.com/antd/-/antd-5.10.0.tgz#723660643e308da8342c41a799417f077ff89ec6"
    integrity sha512-qeyfMhcDK2QeuKaC/OCjNCPrJb+3vrBHvVK2swRHsxJvKFSpRerMCShOn/I3CXogrVJazPMluGhy0FQlcHQ4pw==
    dependencies:
      "@ant-design/colors" "^7.0.0"
      "@ant-design/cssinjs" "^1.17.0"
      "@ant-design/icons" "^5.2.6"
      "@ant-design/react-slick" "~1.0.2"
      "@babel/runtime" "^7.18.3"
      "@ctrl/tinycolor" "^3.6.1"
      "@rc-component/color-picker" "~1.4.1"
      "@rc-component/mutate-observer" "^1.1.0"
      "@rc-component/tour" "~1.10.0"
      "@rc-component/trigger" "^1.17.0"
      classnames "^2.2.6"
      copy-to-clipboard "^3.2.0"
      dayjs "^1.11.1"
      qrcode.react "^3.1.0"
      rc-cascader "~3.18.1"
      rc-checkbox "~3.1.0"
      rc-collapse "~3.7.1"
      rc-dialog "~9.3.3"
      rc-drawer "~6.5.2"
      rc-dropdown "~4.1.0"
      rc-field-form "~1.38.2"
      rc-image "~7.3.1"
      rc-input "~1.2.1"
      rc-input-number "~8.1.0"
      rc-mentions "~2.8.0"
      rc-menu "~9.12.2"
      rc-motion "^2.9.0"
      rc-notification "~5.2.0"
      rc-pagination "~3.6.1"
      rc-picker "~3.14.5"
      rc-progress "~3.5.1"
      rc-rate "~2.12.0"
      rc-resize-observer "^1.3.1"
      rc-segmented "~2.2.2"
      rc-select "~14.9.0"
      rc-slider "~10.3.0"
      rc-steps "~6.0.1"
      rc-switch "~4.1.0"
      rc-table "~7.34.4"
      rc-tabs "~12.12.1"
      rc-textarea "~1.4.0"
      rc-tooltip "~6.1.0"
      rc-tree "~5.7.12"
      rc-tree-select "~5.13.0"
      rc-upload "~4.3.5"
      rc-util "^5.37.0"
      scroll-into-view-if-needed "^3.0.3"
      throttle-debounce "^5.0.0"
  
  array-tree-filter@^2.1.0:
    version "2.1.0"
    resolved "https://npm.corp.kuaishou.com/array-tree-filter/-/array-tree-filter-2.1.0.tgz#873ac00fec83749f255ac8dd083814b4f6329190"
    integrity sha512-4ROwICNlNw/Hqa9v+rk5h22KjmzB1JGTMVKP2AKJBOCgb0yL0ASf0+YvCcLNNwquOHNX48jkeZIJ3a+oOQqKcw==
  
  async-validator@^4.1.0:
    version "4.2.5"
    resolved "https://npm.corp.kuaishou.com/async-validator/-/async-validator-4.2.5.tgz#c96ea3332a521699d0afaaceed510a54656c6339"
    integrity sha512-7HhHjtERjqlNbZtqNqy2rckN/SpOOlmDliet+lP7k+eKZEjPk3DgyeU9lIXLdeLz0uBbbVp+9Qdow9wJWgwwfg==
  
  braces@^3.0.2:
    version "3.0.2"
    resolved "https://npm.corp.kuaishou.com/braces/-/braces-3.0.2.tgz#3454e1a462ee8d599e236df336cd9ea4f8afe107"
    integrity sha512-b8um+L1RzM3WDSzvhm6gIz1yfTbBt6YTlcEKAvsmqCZZFw46z626lVj9j1yEPW33H5H+lBQpZMP1k8l+78Ha0A==
    dependencies:
      fill-range "^7.0.1"
  
  classnames@2.x, classnames@^2.2.1, classnames@^2.2.3, classnames@^2.2.5, classnames@^2.2.6, classnames@^2.3.1, classnames@^2.3.2:
    version "2.3.2"
    resolved "https://npm.corp.kuaishou.com/classnames/-/classnames-2.3.2.tgz#351d813bf0137fcc6a76a16b88208d2560a0d924"
    integrity sha512-CSbhY4cFEJRe6/GQzIk5qXZ4Jeg5pcsP7b5peFSDpffpe1cqjASH/n9UTjBwOp6XpMSTwQ8Za2K5V02ueA7Tmw==
  
  compute-scroll-into-view@^3.0.2:
    version "3.1.0"
    resolved "https://npm.corp.kuaishou.com/compute-scroll-into-view/-/compute-scroll-into-view-3.1.0.tgz#753f11d972596558d8fe7c6bcbc8497690ab4c87"
    integrity sha512-rj8l8pD4bJ1nx+dAkMhV1xB5RuZEyVysfxJqB1pRchh1KVvwOv9b7CGB8ZfjTImVv2oF+sYMUkMZq6Na5Ftmbg==
  
  copy-to-clipboard@^3.2.0:
    version "3.3.3"
    resolved "https://npm.corp.kuaishou.com/copy-to-clipboard/-/copy-to-clipboard-3.3.3.tgz#55ac43a1db8ae639a4bd99511c148cdd1b83a1b0"
    integrity sha512-2KV8NhB5JqC3ky0r9PMCAZKbUHSwtEo4CwCs0KXgruG43gX5PMqDEBbVU4OUzw2MuAWUfsuFmWvEKG5QRfSnJA==
    dependencies:
      toggle-selection "^1.0.6"
  
  cross-spawn@7.0.3:
    version "7.0.3"
    resolved "https://npm.corp.kuaishou.com/cross-spawn/-/cross-spawn-7.0.3.tgz#f73a85b9d5d41d045551c177e2882d4ac85728a6"
    integrity sha512-iRDPJKUPVEND7dHPO8rkbOnPpyDygcDFtWjpeWNCgy8WP2rXcxXL8TskReQl6OrB2G7+UJrags1q15Fudc7G6w==
    dependencies:
      path-key "^3.1.0"
      shebang-command "^2.0.0"
      which "^2.0.1"
  
  csstype@^3.0.10:
    version "3.1.2"
    resolved "https://npm.corp.kuaishou.com/csstype/-/csstype-3.1.2.tgz#1d4bf9d572f11c14031f0436e1c10bc1f571f50b"
    integrity sha512-I7K1Uu0MBPzaFKg4nI5Q7Vs2t+3gWWW648spaF+Rg7pI9ds18Ugn+lvg4SHczUdKlHI5LWBXyqfS8+DufyBsgQ==
  
  dayjs@^1.11.1, dayjs@^1.11.10:
    version "1.11.10"
    resolved "https://npm.corp.kuaishou.com/dayjs/-/dayjs-1.11.10.tgz#68acea85317a6e164457d6d6947564029a6a16a0"
    integrity sha512-vjAczensTgRcqDERK0SR2XMwsF/tSvnvlv6VcF2GIhg6Sx4yOIt/irsr1RDJsKiIyBzJDpCoXiWWq28MqH2cnQ==
  
  dedent-js@^1.0.1:
    version "1.0.1"
    resolved "https://npm.corp.kuaishou.com/dedent-js/-/dedent-js-1.0.1.tgz#bee5fb7c9e727d85dffa24590d10ec1ab1255305"
    integrity sha512-OUepMozQULMLUmhxS95Vudo0jb0UchLimi3+pQ2plj61Fcy8axbP9hbiD4Sz6DPqn6XG3kfmziVfQ1rSys5AJQ==
  
  dom-align@^1.7.0:
    version "1.12.4"
    resolved "https://npm.corp.kuaishou.com/dom-align/-/dom-align-1.12.4.tgz#3503992eb2a7cfcb2ed3b2a6d21e0b9c00d54511"
    integrity sha512-R8LUSEay/68zE5c8/3BDxiTEvgb4xZTF0RKmAHfiEVN3klfIpXfi2/QCoiWPccVQ0J/ZGdz9OjzL4uJEP/MRAw==
  
  esbuild@^0.18.10:
    version "0.18.20"
    resolved "https://npm.corp.kuaishou.com/esbuild/-/esbuild-0.18.20.tgz#4709f5a34801b43b799ab7d6d82f7284a9b7a7a6"
    integrity sha512-ceqxoedUrcayh7Y7ZX6NdbbDzGROiyVBgC4PriJThBKSVPWnnFHZAkfI1lJT8QFkOwH4qOS2SJkS4wvpGl8BpA==
    optionalDependencies:
      "@esbuild/android-arm" "0.18.20"
      "@esbuild/android-arm64" "0.18.20"
      "@esbuild/android-x64" "0.18.20"
      "@esbuild/darwin-arm64" "0.18.20"
      "@esbuild/darwin-x64" "0.18.20"
      "@esbuild/freebsd-arm64" "0.18.20"
      "@esbuild/freebsd-x64" "0.18.20"
      "@esbuild/linux-arm" "0.18.20"
      "@esbuild/linux-arm64" "0.18.20"
      "@esbuild/linux-ia32" "0.18.20"
      "@esbuild/linux-loong64" "0.18.20"
      "@esbuild/linux-mips64el" "0.18.20"
      "@esbuild/linux-ppc64" "0.18.20"
      "@esbuild/linux-riscv64" "0.18.20"
      "@esbuild/linux-s390x" "0.18.20"
      "@esbuild/linux-x64" "0.18.20"
      "@esbuild/netbsd-x64" "0.18.20"
      "@esbuild/openbsd-x64" "0.18.20"
      "@esbuild/sunos-x64" "0.18.20"
      "@esbuild/win32-arm64" "0.18.20"
      "@esbuild/win32-ia32" "0.18.20"
      "@esbuild/win32-x64" "0.18.20"
  
  estree-walker@^2.0.2:
    version "2.0.2"
    resolved "https://npm.corp.kuaishou.com/estree-walker/-/estree-walker-2.0.2.tgz#52f010178c2a4c117a7757cfe942adb7d2da4cac"
    integrity sha512-Rfkk/Mp/DL7JVje3u18FxFujQlTNR2q6QfMSMB7AvCBx91NGj/ba3kCfza0f6dVDbw7YlRf/nDrn7pQrCCyQ/w==
  
  fast-glob@^3.2.11:
    version "3.3.1"
    resolved "https://npm.corp.kuaishou.com/fast-glob/-/fast-glob-3.3.1.tgz#784b4e897340f3dbbef17413b3f11acf03c874c4"
    integrity sha512-kNFPyjhh5cKjrUltxs+wFx+ZkbRaxxmZ+X0ZU31SOsxCEtP9VPgtq2teZw1DebupL5GmDaNQ6yKMMVcM41iqDg==
    dependencies:
      "@nodelib/fs.stat" "^2.0.2"
      "@nodelib/fs.walk" "^1.2.3"
      glob-parent "^5.1.2"
      merge2 "^1.3.0"
      micromatch "^4.0.4"
  
  fastq@^1.6.0:
    version "1.15.0"
    resolved "https://npm.corp.kuaishou.com/fastq/-/fastq-1.15.0.tgz#d04d07c6a2a68fe4599fea8d2e103a937fae6b3a"
    integrity sha512-wBrocU2LCXXa+lWBt8RoIRD89Fi8OdABODa/kEnyeyjS5aZO5/GNvI5sEINADqP/h8M29UHTHUb53sUu5Ihqdw==
    dependencies:
      reusify "^1.0.4"
  
  fill-range@^7.0.1:
    version "7.0.1"
    resolved "https://npm.corp.kuaishou.com/fill-range/-/fill-range-7.0.1.tgz#1919a6a7c75fe38b2c7c77e5198535da9acdda40"
    integrity sha512-qOo9F+dMUmC2Lcb4BbVvnKJxTPjCm+RRpe4gDuGrzkL7mEVl/djYSu2OdQ2Pa302N4oqkSg9ir6jaLWJ2USVpQ==
    dependencies:
      to-regex-range "^5.0.1"
  
  fs-extra@^10.1.0:
    version "10.1.0"
    resolved "https://npm.corp.kuaishou.com/fs-extra/-/fs-extra-10.1.0.tgz#02873cfbc4084dde127eaa5f9905eef2325d1abf"
    integrity sha512-oRXApq54ETRj4eMiFzGnHWGy+zo5raudjuxN0b8H7s/RU2oW0Wvsx9O0ACRN/kRq9E8Vu/ReskGB5o3ji+FzHQ==
    dependencies:
      graceful-fs "^4.2.0"
      jsonfile "^6.0.1"
      universalify "^2.0.0"
  
  fsevents@~2.3.2:
    version "2.3.3"
    resolved "https://npm.corp.kuaishou.com/fsevents/-/fsevents-2.3.3.tgz#cac6407785d03675a2a5e1a5305c697b347d90d6"
    integrity sha512-5xoDfX+fL7faATnagmWPpbFtwh/R77WmMMqqHGS65C3vvB0YHrgF+B1YmZ3441tMj5n63k0212XNoJwzlhffQw==
  
  glob-parent@^5.1.2:
    version "5.1.2"
    resolved "https://npm.corp.kuaishou.com/glob-parent/-/glob-parent-5.1.2.tgz#869832c58034fe68a4093c17dc15e8340d8401c4"
    integrity sha512-AOIgSQCepiJYwP3ARnGx+5VnTu2HBYdzbGP45eLw1vr3zB3vZLeyed1sC9hnbcOc9/SrMyM5RPQrkGz4aS9Zow==
    dependencies:
      is-glob "^4.0.1"
  
  graceful-fs@^4.1.6, graceful-fs@^4.2.0:
    version "4.2.11"
    resolved "https://npm.corp.kuaishou.com/graceful-fs/-/graceful-fs-4.2.11.tgz#4183e4e8bf08bb6e05bbb2f7d2e0c8f712ca40e3"
    integrity sha512-RbJ5/jmFcNNCcDV5o9eTnBLJ/HszWV0P73bc+Ff4nS/rJj+YaS6IGyiOL0VoBYX+l1Wrl3k63h/KrH+nhJ0XvQ==
  
  inherits@2.0.3:
    version "2.0.3"
    resolved "https://npm.corp.kuaishou.com/inherits/-/inherits-2.0.3.tgz#633c2c83e3da42a502f52466022480f4208261de"
    integrity sha512-x00IRNXNy63jwGkJmzPigoySHbaqpNuzKbBOmzK+g2OdZpQ9w+sxCN+VSB3ja7IAge2OP2qpfxTjeNcyjmW1uw==
  
  is-extglob@^2.1.1:
    version "2.1.1"
    resolved "https://npm.corp.kuaishou.com/is-extglob/-/is-extglob-2.1.1.tgz#a88c02535791f02ed37c76a1b9ea9773c833f8c2"
    integrity sha512-SbKbANkN603Vi4jEZv49LeVJMn4yGwsbzZworEoyEiutsN3nJYdbO36zfhGJ6QEDpOZIFkDtnq5JRxmvl3jsoQ==
  
  is-glob@^4.0.1:
    version "4.0.3"
    resolved "https://npm.corp.kuaishou.com/is-glob/-/is-glob-4.0.3.tgz#64f61e42cbbb2eec2071a9dac0b28ba1e65d5084"
    integrity sha512-xelSayHH36ZgE7ZWhli7pW34hNbNl8Ojv5KVmkJD4hBdD3th8Tfk9vYasLM+mXWOZhFkgZfxhLSnrwRr4elSSg==
    dependencies:
      is-extglob "^2.1.1"
  
  is-number@^7.0.0:
    version "7.0.0"
    resolved "https://npm.corp.kuaishou.com/is-number/-/is-number-7.0.0.tgz#7535345b896734d5f80c4d06c50955527a14f12b"
    integrity sha512-41Cifkg6e8TylSpdtTpeLVMqvSBEVzTttHvERD741+pnZ8ANv0004MRL43QKPDlK9cGvNp6NZWZUBlbGXYxxng==
  
  isexe@^2.0.0:
    version "2.0.0"
    resolved "https://npm.corp.kuaishou.com/isexe/-/isexe-2.0.0.tgz#e8fbf374dc556ff8947a10dcb0572d633f2cfa10"
    integrity sha512-RHxMLp9lnKHGHRng9QFhRCMbYAcVpn69smSGcq3f36xjgVVWThj4qqLbTLlq7Ssj8B+fIQ1EuCEGI2lKsyQeIw==
  
  "js-tokens@^3.0.0 || ^4.0.0":
    version "4.0.0"
    resolved "https://npm.corp.kuaishou.com/js-tokens/-/js-tokens-4.0.0.tgz#19203fb59991df98e3a287050d4647cdeaf32499"
    integrity sha512-RdJUflcE3cUzKiMqQgsCu06FPu9UdIJO0beYbPhHN4k6apgJtifcoCtT9bcxOpYBtpD2kCM6Sbzg4CausW/PKQ==
  
  json2mq@^0.2.0:
    version "0.2.0"
    resolved "https://npm.corp.kuaishou.com/json2mq/-/json2mq-0.2.0.tgz#b637bd3ba9eabe122c83e9720483aeb10d2c904a"
    integrity sha512-SzoRg7ux5DWTII9J2qkrZrqV1gt+rTaoufMxEzXbS26Uid0NwaJd123HcoB80TgubEppxxIGdNxCx50fEoEWQA==
    dependencies:
      string-convert "^0.2.0"
  
  jsonfile@^6.0.1:
    version "6.1.0"
    resolved "https://npm.corp.kuaishou.com/jsonfile/-/jsonfile-6.1.0.tgz#bc55b2634793c679ec6403094eb13698a6ec0aae"
    integrity sha512-5dgndWOriYSm5cnYaJNhalLNDKOqFwyDB/rr1E9ZsGciGvKPs8R2xYGCacuf3z6K1YKDz182fd+fY3cn3pMqXQ==
    dependencies:
      universalify "^2.0.0"
    optionalDependencies:
      graceful-fs "^4.1.6"
  
  loose-envify@^1.1.0:
    version "1.4.0"
    resolved "https://npm.corp.kuaishou.com/loose-envify/-/loose-envify-1.4.0.tgz#71ee51fa7be4caec1a63839f7e682d8132d30caf"
    integrity sha512-lyuxPGr/Wfhrlem2CL/UcnUc1zcqKAImBDzukY7Y5F/yQiNdko6+fRLevlw1HgMySw7f611UIY408EtxRSoK3Q==
    dependencies:
      js-tokens "^3.0.0 || ^4.0.0"
  
  lower-case@^2.0.2:
    version "2.0.2"
    resolved "https://npm.corp.kuaishou.com/lower-case/-/lower-case-2.0.2.tgz#6fa237c63dbdc4a82ca0fd882e4722dc5e634e28"
    integrity sha512-7fm3l3NAF9WfN6W3JOmf5drwpVqX78JtoGJ3A6W0a6ZnldM41w2fV5D490psKFTpMds8TJse/eHLFFsNHHjHgg==
    dependencies:
      tslib "^2.0.3"
  
  lru-cache@^6.0.0:
    version "6.0.0"
    resolved "https://npm.corp.kuaishou.com/lru-cache/-/lru-cache-6.0.0.tgz#6d6fe6570ebd96aaf90fcad1dafa3b2566db3a94"
    integrity sha512-Jo6dJ04CmSjuznwJSS3pUeWmd/H0ffTlkXXgwZi+eq1UCmqQwCh+eLsYOYCwY991i2Fah4h1BEMCx4qThGbsiA==
    dependencies:
      yallist "^4.0.0"
  
  magic-string@^0.27.0:
    version "0.27.0"
    resolved "https://npm.corp.kuaishou.com/magic-string/-/magic-string-0.27.0.tgz#e4a3413b4bab6d98d2becffd48b4a257effdbbf3"
    integrity sha512-8UnnX2PeRAPZuN12svgR9j7M1uWMovg/CEnIwIG0LFkXSJJe4PdfUGiTGl8V9bsBHFUtfVINcSyYxd7q+kx9fA==
    dependencies:
      "@jridgewell/sourcemap-codec" "^1.4.13"
  
  magic-string@^0.30.0:
    version "0.30.4"
    resolved "https://npm.corp.kuaishou.com/magic-string/-/magic-string-0.30.4.tgz#c2c683265fc18dda49b56fc7318d33ca0332c98c"
    integrity sha512-Q/TKtsC5BPm0kGqgBIF9oXAs/xEf2vRKiIB4wCRQTJOQIByZ1d+NnUOotvJOvNpi5RNIgVOMC3pOuaP1ZTDlVg==
    dependencies:
      "@jridgewell/sourcemap-codec" "^1.4.15"
  
  merge2@^1.3.0:
    version "1.4.1"
    resolved "https://npm.corp.kuaishou.com/merge2/-/merge2-1.4.1.tgz#4368892f885e907455a6fd7dc55c0c9d404990ae"
    integrity sha512-8q7VEgMJW4J8tcfVPy8g09NcQwZdbwFEqhe/WZkoIzjn/3TGDwtOCYtXGxA3O8tPzpczCCDgv+P2P5y00ZJOOg==
  
  micromatch@^4.0.4:
    version "4.0.5"
    resolved "https://npm.corp.kuaishou.com/micromatch/-/micromatch-4.0.5.tgz#bc8999a7cbbf77cdc89f132f6e467051b49090c6"
    integrity sha512-DMy+ERcEW2q8Z2Po+WNXuw3c5YaUSFjAO5GsJqfEl7UjvtIuFKO6ZrKvcItdy98dwFI2N1tg3zNIdKaQT+aNdA==
    dependencies:
      braces "^3.0.2"
      picomatch "^2.3.1"
  
  nanoid@^3.3.6:
    version "3.3.6"
    resolved "https://npm.corp.kuaishou.com/nanoid/-/nanoid-3.3.6.tgz#443380c856d6e9f9824267d960b4236ad583ea4c"
    integrity sha512-BGcqMMJuToF7i1rt+2PWSNVnWIkGCU78jBG3RxO/bZlnZPK2Cmi2QaffxGO/2RvWi9sL+FAiRiXMgsyxQ1DIDA==
  
  no-case@^3.0.4:
    version "3.0.4"
    resolved "https://npm.corp.kuaishou.com/no-case/-/no-case-3.0.4.tgz#d361fd5c9800f558551a8369fc0dcd4662b6124d"
    integrity sha512-fgAN3jGAh+RoxUGZHTSOLJIqUc2wmoBwGR4tbpNAKmmovFoWq0OdRkb0VkldReO2a2iBT/OEulG9XSUc10r3zg==
    dependencies:
      lower-case "^2.0.2"
      tslib "^2.0.3"
  
  pascal-case@^3.1.1:
    version "3.1.2"
    resolved "https://npm.corp.kuaishou.com/pascal-case/-/pascal-case-3.1.2.tgz#b48e0ef2b98e205e7c1dae747d0b1508237660eb"
    integrity sha512-uWlGT3YSnK9x3BQJaOdcZwrnV6hPpd8jFH1/ucpiLRPh/2zCVJKS19E4GvYHvaCcACn3foXZ0cLB9Wrx1KGe5g==
    dependencies:
      no-case "^3.0.4"
      tslib "^2.0.3"
  
  path-key@^3.1.0:
    version "3.1.1"
    resolved "https://npm.corp.kuaishou.com/path-key/-/path-key-3.1.1.tgz#581f6ade658cbba65a0d3380de7753295054f375"
    integrity sha512-ojmeN0qd+y0jszEtoY48r0Peq5dwMEkIlCOu6Q5f41lfkswXuKtYrhgoTpLnyIcHm24Uhqx+5Tqm2InSwLhE6Q==
  
  path@^0.12.7:
    version "0.12.7"
    resolved "https://npm.corp.kuaishou.com/path/-/path-0.12.7.tgz#d4dc2a506c4ce2197eb481ebfcd5b36c0140b10f"
    integrity sha512-aXXC6s+1w7otVF9UletFkFcDsJeO7lSZBPUQhtb5O0xJe8LtYhj/GxldoL09bBj9+ZmE2hNoHqQSFMN5fikh4Q==
    dependencies:
      process "^0.11.1"
      util "^0.10.3"
  
  picocolors@^1.0.0:
    version "1.0.0"
    resolved "https://npm.corp.kuaishou.com/picocolors/-/picocolors-1.0.0.tgz#cb5bdc74ff3f51892236eaf79d68bc44564ab81c"
    integrity sha512-1fygroTLlHu66zi26VoTDv8yRgm0Fccecssto+MhsZ0D/DGW2sm8E8AjW7NU5VVTRt5GxbeZ5qBuJr+HyLYkjQ==
  
  picomatch@^2.3.1:
    version "2.3.1"
    resolved "https://npm.corp.kuaishou.com/picomatch/-/picomatch-2.3.1.tgz#3ba3833733646d9d3e4995946c1365a67fb07a42"
    integrity sha512-JU3teHTNjmE2VCGFzuY8EXzCDVwEqB2a8fsIvwaStHhAWJEeVd1o1QD80CU6+ZdEXXSLbSsuLwJjkCBWqRQUVA==
  
  postcss@^8.1.10, postcss@^8.4.27:
    version "8.4.31"
    resolved "https://npm.corp.kuaishou.com/postcss/-/postcss-8.4.31.tgz#92b451050a9f914da6755af352bdc0192508656d"
    integrity sha512-PS08Iboia9mts/2ygV3eLpY5ghnUcfLV/EXTOW1E2qYxJKGGBUtNjN76FYHnMs36RmARn41bC0AZmn+rR0OVpQ==
    dependencies:
      nanoid "^3.3.6"
      picocolors "^1.0.0"
      source-map-js "^1.0.2"
  
  process@^0.11.1:
    version "0.11.10"
    resolved "https://npm.corp.kuaishou.com/process/-/process-0.11.10.tgz#7332300e840161bda3e69a1d1d91a7d4bc16f182"
    integrity sha512-cdGef/drWFoydD1JsMzuFf8100nZl+GT+yacc2bEced5f9Rjk4z+WtFUTBu9PhOi9j/jfmBPu0mMEY4wIdAF8A==
  
  qrcode.react@^3.1.0:
    version "3.1.0"
    resolved "https://npm.corp.kuaishou.com/qrcode.react/-/qrcode.react-3.1.0.tgz#5c91ddc0340f768316fbdb8fff2765134c2aecd8"
    integrity sha512-oyF+Urr3oAMUG/OiOuONL3HXM+53wvuH3mtIWQrYmsXoAq0DkvZp2RYUWFSMFtbdOpuS++9v+WAkzNVkMlNW6Q==
  
  queue-microtask@^1.2.2:
    version "1.2.3"
    resolved "https://npm.corp.kuaishou.com/queue-microtask/-/queue-microtask-1.2.3.tgz#4929228bbc724dfac43e0efb058caf7b6cfb6243"
    integrity sha512-NuaNSa6flKT5JaSYQzJok04JzTL1CA6aGhv5rfLW3PgqA+M2ChpZQnAC8h8i4ZFkBS8X5RqkDBHA7r4hej3K9A==
  
  rc-align@^4.0.0:
    version "4.0.15"
    resolved "https://npm.corp.kuaishou.com/rc-align/-/rc-align-4.0.15.tgz#2bbd665cf85dfd0b0244c5a752b07565e9098577"
    integrity sha512-wqJtVH60pka/nOX7/IspElA8gjPNQKIx/ZqJ6heATCkXpe1Zg4cPVrMD2vC96wjsFFL8WsmhPbx9tdMo1qqlIA==
    dependencies:
      "@babel/runtime" "^7.10.1"
      classnames "2.x"
      dom-align "^1.7.0"
      rc-util "^5.26.0"
      resize-observer-polyfill "^1.5.1"
  
  rc-cascader@~3.18.1:
    version "3.18.1"
    resolved "https://npm.corp.kuaishou.com/rc-cascader/-/rc-cascader-3.18.1.tgz#e488e9cd9ace1617e06ee4c8eadf435a11de2d29"
    integrity sha512-M7Xr5Fs/E87ZGustfObtBYQjsvBCET0UX2JYXB2GmOP+2fsZgjaRGXK+CJBmmWXQ6o4OFinpBQBXG4wJOQ5MEg==
    dependencies:
      "@babel/runtime" "^7.12.5"
      array-tree-filter "^2.1.0"
      classnames "^2.3.1"
      rc-select "~14.9.0"
      rc-tree "~5.7.0"
      rc-util "^5.35.0"
  
  rc-checkbox@~3.1.0:
    version "3.1.0"
    resolved "https://npm.corp.kuaishou.com/rc-checkbox/-/rc-checkbox-3.1.0.tgz#6be0d9d8de2cc96fb5e37f9036a1c3e360d0a42d"
    integrity sha512-PAwpJFnBa3Ei+5pyqMMXdcKYKNBMS+TvSDiLdDnARnMJHC8ESxwPfm4Ao1gJiKtWLdmGfigascnCpwrHFgoOBQ==
    dependencies:
      "@babel/runtime" "^7.10.1"
      classnames "^2.3.2"
      rc-util "^5.25.2"
  
  rc-collapse@~3.7.1:
    version "3.7.1"
    resolved "https://npm.corp.kuaishou.com/rc-collapse/-/rc-collapse-3.7.1.tgz#bda1f7f80adccf3433c1c15d4d9f9ca09910c727"
    integrity sha512-N/7ejyiTf3XElNJBBpxqnZBUuMsQWEOPjB2QkfNvZ/Ca54eAvJXuOD1EGbCWCk2m7v/MSxku7mRpdeaLOCd4Gg==
    dependencies:
      "@babel/runtime" "^7.10.1"
      classnames "2.x"
      rc-motion "^2.3.4"
      rc-util "^5.27.0"
  
  rc-dialog@~9.3.0, rc-dialog@~9.3.3:
    version "9.3.3"
    resolved "https://npm.corp.kuaishou.com/rc-dialog/-/rc-dialog-9.3.3.tgz#d2da896ad62220befa9dccba7b16250496011ad2"
    integrity sha512-OpgzE0wq55ebN8TL/ZPc+MLY6qXswEuZg2/3uX3+lqjxUnVaH78PyntpJwqY+3BJdQkDj28XeXYRVY6gXQ8fNg==
    dependencies:
      "@babel/runtime" "^7.10.1"
      "@rc-component/portal" "^1.0.0-8"
      classnames "^2.2.6"
      rc-motion "^2.3.0"
      rc-util "^5.21.0"
  
  rc-drawer@~6.5.2:
    version "6.5.2"
    resolved "https://npm.corp.kuaishou.com/rc-drawer/-/rc-drawer-6.5.2.tgz#49c1f279261992f6d4653d32a03b14acd436d610"
    integrity sha512-QckxAnQNdhh4vtmKN0ZwDf3iakO83W9eZcSKWYYTDv4qcD2fHhRAZJJ/OE6v2ZlQ2kSqCJX5gYssF4HJFvsEPQ==
    dependencies:
      "@babel/runtime" "^7.10.1"
      "@rc-component/portal" "^1.1.1"
      classnames "^2.2.6"
      rc-motion "^2.6.1"
      rc-util "^5.36.0"
  
  rc-dropdown@~4.1.0:
    version "4.1.0"
    resolved "https://npm.corp.kuaishou.com/rc-dropdown/-/rc-dropdown-4.1.0.tgz#418a68939631520de80d0865d02b440eeeb4168e"
    integrity sha512-VZjMunpBdlVzYpEdJSaV7WM7O0jf8uyDjirxXLZRNZ+tAC+NzD3PXPEtliFwGzVwBBdCmGuSqiS9DWcOLxQ9tw==
    dependencies:
      "@babel/runtime" "^7.18.3"
      "@rc-component/trigger" "^1.7.0"
      classnames "^2.2.6"
      rc-util "^5.17.0"
  
  rc-field-form@~1.38.2:
    version "1.38.2"
    resolved "https://npm.corp.kuaishou.com/rc-field-form/-/rc-field-form-1.38.2.tgz#1eafac98eb84d47dc3b55de98ed50751d9852dd2"
    integrity sha512-O83Oi1qPyEv31Sg+Jwvsj6pXc8uQI2BtIAkURr5lvEYHVggXJhdU/nynK8wY1gbw0qR48k731sN5ON4egRCROA==
    dependencies:
      "@babel/runtime" "^7.18.0"
      async-validator "^4.1.0"
      rc-util "^5.32.2"
  
  rc-image@~7.3.1:
    version "7.3.1"
    resolved "https://npm.corp.kuaishou.com/rc-image/-/rc-image-7.3.1.tgz#57b61010f32ae6851d5417fcc40fbe3971f5d570"
    integrity sha512-Tu3vcUyMHa6zxTiQRzHt1glbGwuNWzeQBG9O6qIdy/+1ue0Qb70it+jUct1YPVNkJa/QfaTfUhmsNsqrw7mgsg==
    dependencies:
      "@babel/runtime" "^7.11.2"
      "@rc-component/portal" "^1.0.2"
      classnames "^2.2.6"
      rc-dialog "~9.3.0"
      rc-motion "^2.6.2"
      rc-util "^5.34.1"
  
  rc-input-number@~8.1.0:
    version "8.1.0"
    resolved "https://npm.corp.kuaishou.com/rc-input-number/-/rc-input-number-8.1.0.tgz#c6f304b80d0caa8da948f39a41bf04793bbfd0c1"
    integrity sha512-bdHgduOxuN0lrhzgPmoKbhRD4GLIzVcddVz972/JHPHr7oLwPX5xDb9w4bXhuMzyT2VzQy7nggRCfH3yAl09oA==
    dependencies:
      "@babel/runtime" "^7.10.1"
      "@rc-component/mini-decimal" "^1.0.1"
      classnames "^2.2.5"
      rc-input "~1.2.1"
      rc-util "^5.28.0"
  
  rc-input@~1.2.1:
    version "1.2.1"
    resolved "https://npm.corp.kuaishou.com/rc-input/-/rc-input-1.2.1.tgz#446843225348d99c78a0967299cb74e385ce8fb0"
    integrity sha512-nQRmBvEFoGi+SNRDavccZ8ueyhFgmxkWqIt4aDyuNJgUZF12HJKIwDhAafUM7N+g7PyuW9FH3pf3zPHzdiCWbA==
    dependencies:
      "@babel/runtime" "^7.11.1"
      classnames "^2.2.1"
      rc-util "^5.18.1"
  
  rc-mentions@~2.8.0:
    version "2.8.0"
    resolved "https://npm.corp.kuaishou.com/rc-mentions/-/rc-mentions-2.8.0.tgz#e96cdf331e7bf1a8944ee4c6801b13f33d9b70c8"
    integrity sha512-LBMkO6bSGhEvS1CvMK978qGN82tI+mzk7l/uTiQJH+UDiwpvq+pxK4DxU5b6Q1T5LW6bn2pSua9RaZKZrDoBOw==
    dependencies:
      "@babel/runtime" "^7.22.5"
      "@rc-component/trigger" "^1.5.0"
      classnames "^2.2.6"
      rc-input "~1.2.1"
      rc-menu "~9.12.0"
      rc-textarea "~1.4.0"
      rc-util "^5.34.1"
  
  rc-menu@~9.12.0, rc-menu@~9.12.2:
    version "9.12.2"
    resolved "https://npm.corp.kuaishou.com/rc-menu/-/rc-menu-9.12.2.tgz#1bab34646421224eff5c5b7de993f8ea1238418e"
    integrity sha512-NzloFH2pRUYmQ3S/YbJAvRkgCZaLvq0sRa5rgJtuIHLfPPprNHNyepeSlT64+dbVqI4qRWL44VN0lUCldCbbfg==
    dependencies:
      "@babel/runtime" "^7.10.1"
      "@rc-component/trigger" "^1.17.0"
      classnames "2.x"
      rc-motion "^2.4.3"
      rc-overflow "^1.3.1"
      rc-util "^5.27.0"
  
  rc-motion@^2.0.0, rc-motion@^2.0.1, rc-motion@^2.3.0, rc-motion@^2.3.4, rc-motion@^2.4.3, rc-motion@^2.4.4, rc-motion@^2.6.1, rc-motion@^2.6.2, rc-motion@^2.9.0:
    version "2.9.0"
    resolved "https://npm.corp.kuaishou.com/rc-motion/-/rc-motion-2.9.0.tgz#9e18a1b8d61e528a97369cf9a7601e9b29205710"
    integrity sha512-XIU2+xLkdIr1/h6ohPZXyPBMvOmuyFZQ/T0xnawz+Rh+gh4FINcnZmMT5UTIj6hgI0VLDjTaPeRd+smJeSPqiQ==
    dependencies:
      "@babel/runtime" "^7.11.1"
      classnames "^2.2.1"
      rc-util "^5.21.0"
  
  rc-notification@~5.2.0:
    version "5.2.0"
    resolved "https://npm.corp.kuaishou.com/rc-notification/-/rc-notification-5.2.0.tgz#d63f4ec98fe297a15b495f62b800074636aabbf6"
    integrity sha512-HwUSypEW4mfOpiakJ7dm6TAKf+3zuSR2xm0I0XMes493rtA3n4EVMvQyldrp23hUwCE3RFj8oncyU1E8iNC4ag==
    dependencies:
      "@babel/runtime" "^7.10.1"
      classnames "2.x"
      rc-motion "^2.9.0"
      rc-util "^5.20.1"
  
  rc-overflow@^1.3.1:
    version "1.3.2"
    resolved "https://npm.corp.kuaishou.com/rc-overflow/-/rc-overflow-1.3.2.tgz#72ee49e85a1308d8d4e3bd53285dc1f3e0bcce2c"
    integrity sha512-nsUm78jkYAoPygDAcGZeC2VwIg/IBGSodtOY3pMof4W3M9qRJgqaDYm03ZayHlde3I6ipliAxbN0RUcGf5KOzw==
    dependencies:
      "@babel/runtime" "^7.11.1"
      classnames "^2.2.1"
      rc-resize-observer "^1.0.0"
      rc-util "^5.37.0"
  
  rc-pagination@~3.6.1:
    version "3.6.1"
    resolved "https://npm.corp.kuaishou.com/rc-pagination/-/rc-pagination-3.6.1.tgz#2db6678a57cd2f4f29d6c0416e282543af52d0df"
    integrity sha512-R/sUnKKXx1Nm4kZfUKS3YKa7yEPF1ZkVB/AynQaHt+nMER7h9wPTfliDJFdYo+RM/nk2JD4Yc5QpUq8fIQHeug==
    dependencies:
      "@babel/runtime" "^7.10.1"
      classnames "^2.2.1"
      rc-util "^5.32.2"
  
  rc-picker@~3.14.5:
    version "3.14.5"
    resolved "https://npm.corp.kuaishou.com/rc-picker/-/rc-picker-3.14.5.tgz#fa045a170b7908e3f6ea80dd39113fc84a0fac13"
    integrity sha512-h0O8b5AYfWwHSRUUH/9F2oBXB5gZerHIyGG6z2r5rn/kfSQodyCXEO4GNqrG30iUC1qkvLFIOn/JqI4XaO0+2A==
    dependencies:
      "@babel/runtime" "^7.10.1"
      "@rc-component/trigger" "^1.5.0"
      classnames "^2.2.1"
      rc-util "^5.30.0"
  
  rc-progress@~3.5.1:
    version "3.5.1"
    resolved "https://npm.corp.kuaishou.com/rc-progress/-/rc-progress-3.5.1.tgz#a3cdfd2fe04eb5c3d43fa1c69e7dd70c73b102ae"
    integrity sha512-V6Amx6SbLRwPin/oD+k1vbPrO8+9Qf8zW1T8A7o83HdNafEVvAxPV5YsgtKFP+Ud5HghLj33zKOcEHrcrUGkfw==
    dependencies:
      "@babel/runtime" "^7.10.1"
      classnames "^2.2.6"
      rc-util "^5.16.1"
  
  rc-rate@~2.12.0:
    version "2.12.0"
    resolved "https://npm.corp.kuaishou.com/rc-rate/-/rc-rate-2.12.0.tgz#0182deffed3b009cdcc61660da8746c39ed91ed5"
    integrity sha512-g092v5iZCdVzbjdn28FzvWebK2IutoVoiTeqoLTj9WM7SjA/gOJIw5/JFZMRyJYYVe1jLAU2UhAfstIpCNRozg==
    dependencies:
      "@babel/runtime" "^7.10.1"
      classnames "^2.2.5"
      rc-util "^5.0.1"
  
  rc-resize-observer@^1.0.0, rc-resize-observer@^1.1.0, rc-resize-observer@^1.3.1:
    version "1.3.1"
    resolved "https://npm.corp.kuaishou.com/rc-resize-observer/-/rc-resize-observer-1.3.1.tgz#b61b9f27048001243617b81f95e53d7d7d7a6a3d"
    integrity sha512-iFUdt3NNhflbY3mwySv5CA1TC06zdJ+pfo0oc27xpf4PIOvfZwZGtD9Kz41wGYqC4SLio93RVAirSSpYlV/uYg==
    dependencies:
      "@babel/runtime" "^7.20.7"
      classnames "^2.2.1"
      rc-util "^5.27.0"
      resize-observer-polyfill "^1.5.1"
  
  rc-segmented@~2.2.2:
    version "2.2.2"
    resolved "https://npm.corp.kuaishou.com/rc-segmented/-/rc-segmented-2.2.2.tgz#a34f12ce6c0975fc3042ae7656bcd18e1744798e"
    integrity sha512-Mq52M96QdHMsNdE/042ibT5vkcGcD5jxKp7HgPC2SRofpia99P5fkfHy1pEaajLMF/kj0+2Lkq1UZRvqzo9mSA==
    dependencies:
      "@babel/runtime" "^7.11.1"
      classnames "^2.2.1"
      rc-motion "^2.4.4"
      rc-util "^5.17.0"
  
  rc-select@~14.9.0:
    version "14.9.0"
    resolved "https://npm.corp.kuaishou.com/rc-select/-/rc-select-14.9.0.tgz#586a19bd55535b81096bb392dd06bb1e0631d06b"
    integrity sha512-vbIhK1MBA12MRdxXbiylSCTPKsWV8WmeN7OyATk9I0LsuIVwe/kBAUNH02am1ryjoylbK+AH309a6X1AflGRSw==
    dependencies:
      "@babel/runtime" "^7.10.1"
      "@rc-component/trigger" "^1.5.0"
      classnames "2.x"
      rc-motion "^2.0.1"
      rc-overflow "^1.3.1"
      rc-util "^5.16.1"
      rc-virtual-list "^3.5.2"
  
  rc-slider@~10.3.0:
    version "10.3.0"
    resolved "https://npm.corp.kuaishou.com/rc-slider/-/rc-slider-10.3.0.tgz#f5012bfc166b93cf79c5ccdd5f5bb560ab3ace57"
    integrity sha512-kt8ehfvPLoZFYJS3Caaf3l+9OF8JUyexC84qy878vf9rOy9IulO/PEdha8E90i8mnj4mtJMSxojk1fJGkYWjpQ==
    dependencies:
      "@babel/runtime" "^7.10.1"
      classnames "^2.2.5"
      rc-util "^5.27.0"
  
  rc-steps@~6.0.1:
    version "6.0.1"
    resolved "https://npm.corp.kuaishou.com/rc-steps/-/rc-steps-6.0.1.tgz#c2136cd0087733f6d509209a84a5c80dc29a274d"
    integrity sha512-lKHL+Sny0SeHkQKKDJlAjV5oZ8DwCdS2hFhAkIjuQt1/pB81M0cA0ErVFdHq9+jmPmFw1vJB2F5NBzFXLJxV+g==
    dependencies:
      "@babel/runtime" "^7.16.7"
      classnames "^2.2.3"
      rc-util "^5.16.1"
  
  rc-switch@~4.1.0:
    version "4.1.0"
    resolved "https://npm.corp.kuaishou.com/rc-switch/-/rc-switch-4.1.0.tgz#f37d81b4e0c5afd1274fd85367b17306bf25e7d7"
    integrity sha512-TI8ufP2Az9oEbvyCeVE4+90PDSljGyuwix3fV58p7HV2o4wBnVToEyomJRVyTaZeqNPAp+vqeo4Wnj5u0ZZQBg==
    dependencies:
      "@babel/runtime" "^7.21.0"
      classnames "^2.2.1"
      rc-util "^5.30.0"
  
  rc-table@~7.34.4:
    version "7.34.4"
    resolved "https://npm.corp.kuaishou.com/rc-table/-/rc-table-7.34.4.tgz#027a1052846fffb1ff38b2e0df95acb0ac508254"
    integrity sha512-os+i88Y2AO/6dNkOgJkKSHgXYaZZGnuOEEe+nyaq5IRgvAQNhLysUjXt2objtBeFDEZR8TqXrajwBNRUwunmdw==
    dependencies:
      "@babel/runtime" "^7.10.1"
      "@rc-component/context" "^1.4.0"
      classnames "^2.2.5"
      rc-resize-observer "^1.1.0"
      rc-util "^5.36.0"
      rc-virtual-list "^3.11.1"
  
  rc-tabs@~12.12.1:
    version "12.12.1"
    resolved "https://npm.corp.kuaishou.com/rc-tabs/-/rc-tabs-12.12.1.tgz#8639297bfcbbf77ca05f71d73fc3d31bd05e04d8"
    integrity sha512-e10VBjEkECdPl4XZSs9to81SE+mgclBTM7J8/LMsFqmJoi05Tci91bRnmeeDtrcOCx2PuZdJv57XUlC4d8PEIw==
    dependencies:
      "@babel/runtime" "^7.11.2"
      classnames "2.x"
      rc-dropdown "~4.1.0"
      rc-menu "~9.12.0"
      rc-motion "^2.6.2"
      rc-resize-observer "^1.0.0"
      rc-util "^5.34.1"
  
  rc-textarea@~1.4.0:
    version "1.4.0"
    resolved "https://npm.corp.kuaishou.com/rc-textarea/-/rc-textarea-1.4.0.tgz#5833676f81f71a842220a0311c48caab07643349"
    integrity sha512-CiqK+uyoJlnfufbC0kwfHJpfElhQacuDSNyNQ/xGnA/QMaJLDbgmqRT8QmX0T0KD/ws/hy6qqRaGJSsrRR5uiQ==
    dependencies:
      "@babel/runtime" "^7.10.1"
      classnames "^2.2.1"
      rc-input "~1.2.1"
      rc-resize-observer "^1.0.0"
      rc-util "^5.27.0"
  
  rc-tooltip@~6.1.0:
    version "6.1.1"
    resolved "https://npm.corp.kuaishou.com/rc-tooltip/-/rc-tooltip-6.1.1.tgz#8f3bf2b7008f091977da19aa4617a48cefed3d10"
    integrity sha512-YoxL0Ev4htsX37qgN23eKr0L5PIRpZaLVL9GX6aJ4x6UEnwgXZYUNCAEHfKlKT3eD1felDq3ob4+Cn9lprLDBw==
    dependencies:
      "@babel/runtime" "^7.11.2"
      "@rc-component/trigger" "^1.17.0"
      classnames "^2.3.1"
  
  rc-tree-select@~5.13.0:
    version "5.13.0"
    resolved "https://npm.corp.kuaishou.com/rc-tree-select/-/rc-tree-select-5.13.0.tgz#ca332f08476c2fdf7fe2154a6320f8f686ef34c8"
    integrity sha512-g01JU9EdE7j/9KfDKtmvFqJ7ZDNIYDzkpmAXllbTBFoRNhWJBjW1x/dCZLVG+IdZeIz8SKJkgZzCf1CUZrzV/Q==
    dependencies:
      "@babel/runtime" "^7.10.1"
      classnames "2.x"
      rc-select "~14.9.0"
      rc-tree "~5.7.0"
      rc-util "^5.16.1"
  
  rc-tree@~5.7.0, rc-tree@~5.7.12:
    version "5.7.12"
    resolved "https://npm.corp.kuaishou.com/rc-tree/-/rc-tree-5.7.12.tgz#6910e551390963708936c2cbf925f9deff4a6d76"
    integrity sha512-LXA5nY2hG5koIAlHW5sgXgLpOMz+bFRbnZZ+cCg0tQs4Wv1AmY7EDi1SK7iFXhslYockbqUerQan82jljoaItg==
    dependencies:
      "@babel/runtime" "^7.10.1"
      classnames "2.x"
      rc-motion "^2.0.1"
      rc-util "^5.16.1"
      rc-virtual-list "^3.5.1"
  
  rc-upload@~4.3.5:
    version "4.3.5"
    resolved "https://npm.corp.kuaishou.com/rc-upload/-/rc-upload-4.3.5.tgz#12fc69b2af74d08646a104828831bcaf44076eda"
    integrity sha512-EHlKJbhkgFSQHliTj9v/2K5aEuFwfUQgZARzD7AmAPOneZEPiCNF3n6PEWIuqz9h7oq6FuXgdR67sC5BWFxJbA==
    dependencies:
      "@babel/runtime" "^7.18.3"
      classnames "^2.2.5"
      rc-util "^5.2.0"
  
  rc-util@^5.0.1, rc-util@^5.16.1, rc-util@^5.17.0, rc-util@^5.18.1, rc-util@^5.2.0, rc-util@^5.20.1, rc-util@^5.21.0, rc-util@^5.24.4, rc-util@^5.25.2, rc-util@^5.26.0, rc-util@^5.27.0, rc-util@^5.28.0, rc-util@^5.30.0, rc-util@^5.31.1, rc-util@^5.32.2, rc-util@^5.33.0, rc-util@^5.34.1, rc-util@^5.35.0, rc-util@^5.36.0, rc-util@^5.37.0:
    version "5.37.0"
    resolved "https://npm.corp.kuaishou.com/rc-util/-/rc-util-5.37.0.tgz#6df9a55cb469b41b6995530a45b5f3dd3219a4ea"
    integrity sha512-cPMV8DzaHI1KDaS7XPRXAf4J7mtBqjvjikLpQieaeOO7+cEbqY2j7Kso/T0R0OiEZTNcLS/8Zl9YrlXiO9UbjQ==
    dependencies:
      "@babel/runtime" "^7.18.3"
      react-is "^16.12.0"
  
  rc-virtual-list@^3.11.1, rc-virtual-list@^3.5.1, rc-virtual-list@^3.5.2:
    version "3.11.2"
    resolved "https://npm.corp.kuaishou.com/rc-virtual-list/-/rc-virtual-list-3.11.2.tgz#eb859c2257233aff10864f041e5bcc89f7814bb7"
    integrity sha512-MTFLL2LOHr3+/+r+WjTIs6j8XmJE6EqdOsJvCH8SWig7qyik3aljCEImUtw5tdWR0tQhXUfbv7P7nZaLY91XPg==
    dependencies:
      "@babel/runtime" "^7.20.0"
      classnames "^2.2.6"
      rc-resize-observer "^1.0.0"
      rc-util "^5.36.0"
  
  react-dom@^18.2.0:
    version "18.2.0"
    resolved "https://npm.corp.kuaishou.com/react-dom/-/react-dom-18.2.0.tgz#22aaf38708db2674ed9ada224ca4aa708d821e3d"
    integrity sha512-6IMTriUmvsjHUjNtEDudZfuDQUoWXVxKHhlEGSk81n4YFS+r/Kl99wXiwlVXtPBtJenozv2P+hxDsw9eA7Xo6g==
    dependencies:
      loose-envify "^1.1.0"
      scheduler "^0.23.0"
  
  react-is@^16.12.0:
    version "16.13.1"
    resolved "https://npm.corp.kuaishou.com/react-is/-/react-is-16.13.1.tgz#789729a4dc36de2999dc156dd6c1d9c18cea56a4"
    integrity sha512-24e6ynE2H+OKt4kqsOvNd8kBpV65zoxbA4BVsEOB3ARVWQki/DHzaUoC5KuON/BiccDaCCTZBuOcfZs70kR8bQ==
  
  react@^18.2.0:
    version "18.2.0"
    resolved "https://npm.corp.kuaishou.com/react/-/react-18.2.0.tgz#555bd98592883255fa00de14f1151a917b5d77d5"
    integrity sha512-/3IjMdb2L9QbBdWiW5e3P2/npwMBaU9mHCSCUzNln0ZCYbcfTsGbTJrU/kGemdH2IWmB2ioZ+zkxtmq6g09fGQ==
    dependencies:
      loose-envify "^1.1.0"
  
  regenerator-runtime@^0.14.0:
    version "0.14.0"
    resolved "https://npm.corp.kuaishou.com/regenerator-runtime/-/regenerator-runtime-0.14.0.tgz#5e19d68eb12d486f797e15a3c6a918f7cec5eb45"
    integrity sha512-srw17NI0TUWHuGa5CFGGmhfNIeja30WMBfbslPNhf6JrqQlLN5gcrvig1oqPxiVaXb0oW0XRKtH6Nngs5lKCIA==
  
  resize-observer-polyfill@^1.5.1:
    version "1.5.1"
    resolved "https://npm.corp.kuaishou.com/resize-observer-polyfill/-/resize-observer-polyfill-1.5.1.tgz#0e9020dd3d21024458d4ebd27e23e40269810464"
    integrity sha512-LwZrotdHOo12nQuZlHEmtuXdqGoOD0OhaxopaNFxWzInpEgaLWoVuAMbTzixuosCx2nEG58ngzW3vxdWoxIgdg==
  
  reusify@^1.0.4:
    version "1.0.4"
    resolved "https://npm.corp.kuaishou.com/reusify/-/reusify-1.0.4.tgz#90da382b1e126efc02146e90845a88db12925d76"
    integrity sha512-U9nH88a3fc/ekCF1l0/UP1IosiuIjyTh7hBvXVMHYgVcfGvt897Xguj2UOLDeI5BG2m7/uwyaLVT6fbtCwTyzw==
  
  rollup@^3.27.1:
    version "3.29.4"
    resolved "https://npm.corp.kuaishou.com/rollup/-/rollup-3.29.4.tgz#4d70c0f9834146df8705bfb69a9a19c9e1109981"
    integrity sha512-oWzmBZwvYrU0iJHtDmhsm662rC15FRXmcjCk1xD771dFDx5jJ02ufAQQTn0etB2emNk4J9EZg/yWKpsn9BWGRw==
    optionalDependencies:
      fsevents "~2.3.2"
  
  run-in-task-pool@^0.10.0:
    version "0.10.0"
    resolved "https://npm.corp.kuaishou.com/run-in-task-pool/-/run-in-task-pool-0.10.0.tgz#29b9bc93a044bb2f68fc842043f0a8f2798de7d7"
    integrity sha512-TldSMnJLd5hwT4BUE0Xxebj7at9VoR0ku1BILEfBvFtO4HBKt4Vv2L2QO5A6TdLBpmMF+9BP9Htu4FXigRUTWQ==
    dependencies:
      typescript "^4.6.4"
      vite-plugin-build "^0.7.1"
      vue-tsc "^0.39.0"
  
  run-parallel@^1.1.9:
    version "1.2.0"
    resolved "https://npm.corp.kuaishou.com/run-parallel/-/run-parallel-1.2.0.tgz#66d1368da7bdf921eb9d95bd1a9229e7f21a43ee"
    integrity sha512-5l4VyZR86LZ/lDxZTR6jqL8AFE2S0IFLMP26AbjsLVADxHdhB/c0GUsH+y39UfCi3dzz8OlQuPmnaJOMoDHQBA==
    dependencies:
      queue-microtask "^1.2.2"
  
  scheduler@^0.23.0:
    version "0.23.0"
    resolved "https://npm.corp.kuaishou.com/scheduler/-/scheduler-0.23.0.tgz#ba8041afc3d30eb206a487b6b384002e4e61fdfe"
    integrity sha512-CtuThmgHNg7zIZWAXi3AsyIzA3n4xx7aNyjwC2VJldO2LMVDhFK+63xGqq6CsJH4rTAt6/M+N4GhZiDYPx9eUw==
    dependencies:
      loose-envify "^1.1.0"
  
  scroll-into-view-if-needed@^3.0.3:
    version "3.1.0"
    resolved "https://npm.corp.kuaishou.com/scroll-into-view-if-needed/-/scroll-into-view-if-needed-3.1.0.tgz#fa9524518c799b45a2ef6bbffb92bcad0296d01f"
    integrity sha512-49oNpRjWRvnU8NyGVmUaYG4jtTkNonFZI86MmGRDqBphEK2EXT9gdEUoQPZhuBM8yWHxCWbobltqYO5M4XrUvQ==
    dependencies:
      compute-scroll-into-view "^3.0.2"
  
  semver@^7.3.7:
    version "7.5.4"
    resolved "https://npm.corp.kuaishou.com/semver/-/semver-7.5.4.tgz#483986ec4ed38e1c6c48c34894a9182dbff68a6e"
    integrity sha512-1bCSESV6Pv+i21Hvpxp3Dx+pSD8lIPt8uVjRrxAUt/nbswYc+tK6Y2btiULjd4+fnq15PX+nqQDC7Oft7WkwcA==
    dependencies:
      lru-cache "^6.0.0"
  
  shebang-command@^2.0.0:
    version "2.0.0"
    resolved "https://npm.corp.kuaishou.com/shebang-command/-/shebang-command-2.0.0.tgz#ccd0af4f8835fbdc265b82461aaf0c36663f34ea"
    integrity sha512-kHxr2zZpYtdmrN1qDjrrX/Z1rR1kG8Dx+gkpK1G4eXmvXswmcE1hTWBWYUzlraYw1/yZp6YuDY77YtvbN0dmDA==
    dependencies:
      shebang-regex "^3.0.0"
  
  shebang-regex@^3.0.0:
    version "3.0.0"
    resolved "https://npm.corp.kuaishou.com/shebang-regex/-/shebang-regex-3.0.0.tgz#ae16f1644d873ecad843b0307b143362d4c42172"
    integrity sha512-7++dFhtcx3353uBaq8DDR4NuxBetBzC7ZQOhmTQInHEd6bSrXdiEyzCvG07Z44UYdLShWUyXt5M/yhz8ekcb1A==
  
  source-map-js@^1.0.2:
    version "1.0.2"
    resolved "https://npm.corp.kuaishou.com/source-map-js/-/source-map-js-1.0.2.tgz#adbc361d9c62df380125e7f161f71c826f1e490c"
    integrity sha512-R0XvVJ9WusLiqTCEiGCmICCMplcCkIwwR11mOSD9CR5u+IXYdiseeEuXCVAjS54zqwkLcPNnmU4OeJ6tUrWhDw==
  
  string-convert@^0.2.0:
    version "0.2.1"
    resolved "https://npm.corp.kuaishou.com/string-convert/-/string-convert-0.2.1.tgz#6982cc3049fbb4cd85f8b24568b9d9bf39eeff97"
    integrity sha512-u/1tdPl4yQnPBjnVrmdLo9gtuLvELKsAoRapekWggdiQNvvvum+jYF329d84NAa660KQw7pB2n36KrIKVoXa3A==
  
  stylis@^4.0.13:
    version "4.3.0"
    resolved "https://npm.corp.kuaishou.com/stylis/-/stylis-4.3.0.tgz#abe305a669fc3d8777e10eefcfc73ad861c5588c"
    integrity sha512-E87pIogpwUsUwXw7dNyU4QDjdgVMy52m+XEOPEKUn161cCzWjjhPSQhByfd1CcNvrOLnXQ6OnnZDwnJrz/Z4YQ==
  
  svelte-tsc@^0.10.0:
    version "0.10.0"
    resolved "https://npm.corp.kuaishou.com/svelte-tsc/-/svelte-tsc-0.10.0.tgz#fcaa0bfca097991133ba05ed86f28d1d540e2746"
    integrity sha512-OGOInrvwvzd964P7WxgpnowNe4lkBERkAokc8N1Wyns5QrHqoF6UiUyc9KlCifsw7X5w6BtCXSz/w+sWZqGL+A==
    dependencies:
      fs-extra "^10.1.0"
      svelte2tsx "^0.5.13"
  
  svelte-tsc@^0.7.1:
    version "0.7.1"
    resolved "https://npm.corp.kuaishou.com/svelte-tsc/-/svelte-tsc-0.7.1.tgz#09d55e592a8f634fa92f601784cae8cf713c597c"
    integrity sha512-PukL/vx02NIYF4kBe5qUiaCeH5r/o0tszgtqyuAOpYp+cXInfj2i7xM3dzU2BeoSTbZc8H7u25aKVOifHNmItw==
    dependencies:
      fs-extra "^10.1.0"
      svelte2tsx "^0.5.13"
  
  svelte2tsx@^0.5.13:
    version "0.5.23"
    resolved "https://npm.corp.kuaishou.com/svelte2tsx/-/svelte2tsx-0.5.23.tgz#e20c464b3250f97902994d3784a57e87ca86a849"
    integrity sha512-jYFnugTQRFmUpvLXPQrKzVYcW5ErT+0QCxg027Zx9BuvYefMZFuoBSTDYe7viPEFGrPPiLgT2m7f5n9khE7f7Q==
    dependencies:
      dedent-js "^1.0.1"
      pascal-case "^3.1.1"
  
  throttle-debounce@^5.0.0:
    version "5.0.0"
    resolved "https://npm.corp.kuaishou.com/throttle-debounce/-/throttle-debounce-5.0.0.tgz#a17a4039e82a2ed38a5e7268e4132d6960d41933"
    integrity sha512-2iQTSgkkc1Zyk0MeVrt/3BvuOXYPl/R8Z0U2xxo9rjwNciaHDG3R+Lm6dh4EeUci49DanvBnuqI6jshoQQRGEg==
  
  to-regex-range@^5.0.1:
    version "5.0.1"
    resolved "https://npm.corp.kuaishou.com/to-regex-range/-/to-regex-range-5.0.1.tgz#1648c44aae7c8d988a326018ed72f5b4dd0392e4"
    integrity sha512-65P7iz6X5yEr1cwcgvQxbbIw7Uk3gOy5dIdtZ4rDveLqhrdJP+Li/Hx6tyK0NEb+2GCyneCMJiGqrADCSNk8sQ==
    dependencies:
      is-number "^7.0.0"
  
  toggle-selection@^1.0.6:
    version "1.0.6"
    resolved "https://npm.corp.kuaishou.com/toggle-selection/-/toggle-selection-1.0.6.tgz#6e45b1263f2017fa0acc7d89d78b15b8bf77da32"
    integrity sha512-BiZS+C1OS8g/q2RRbJmy59xpyghNBqrr6k5L/uKBGRsTfxmu3ffiRnd8mlGPUVayg8pvfi5urfnu8TU7DVOkLQ==
  
  tslib@^2.0.3:
    version "2.6.2"
    resolved "https://npm.corp.kuaishou.com/tslib/-/tslib-2.6.2.tgz#703ac29425e7b37cd6fd456e92404d46d1f3e4ae"
    integrity sha512-AEYxH93jGFPn/a2iVAwW87VuUIkR1FVUKB77NwMF7nBTDkDrrT/Hpt/IrCJ0QXhW27jTBDcf5ZY7w6RiqTMw2Q==
  
  typescript@^4.6.4:
    version "4.9.5"
    resolved "https://npm.corp.kuaishou.com/typescript/-/typescript-4.9.5.tgz#095979f9bcc0d09da324d58d03ce8f8374cbe65a"
    integrity sha512-1FXk9E2Hm+QzZQ7z+McJiHL4NW1F2EzMu9Nq9i3zAaGqibafqYwCVU6WyWAuyQRRzOlxou8xZSyXLEN8oKj24g==
  
  universalify@^2.0.0:
    version "2.0.0"
    resolved "https://npm.corp.kuaishou.com/universalify/-/universalify-2.0.0.tgz#75a4984efedc4b08975c5aeb73f530d02df25717"
    integrity sha512-hAZsKq7Yy11Zu1DE0OzWjw7nnLZmJZYTDZZyEFHZdUhV8FkH5MCfoU1XMaxXovpyW5nq5scPqq0ZDP9Zyl04oQ==
  
  util@^0.10.3:
    version "0.10.4"
    resolved "https://npm.corp.kuaishou.com/util/-/util-0.10.4.tgz#3aa0125bfe668a4672de58857d3ace27ecb76901"
    integrity sha512-0Pm9hTQ3se5ll1XihRic3FDIku70C+iHUdT/W926rSgHV5QgXsYbKZN8MSC3tJtSkhuROzvsQjAaFENRXr+19A==
    dependencies:
      inherits "2.0.3"
  
  vite-plugin-build@^0.10.0:
    version "0.10.0"
    resolved "https://npm.corp.kuaishou.com/vite-plugin-build/-/vite-plugin-build-0.10.0.tgz#c033483aa9beb52aa77bb007b607a32778e5775e"
    integrity sha512-pxSndDOa17vbC8T9p0mDZq+7qVyuw9E8ASGE1lvfjrlwRsMjdXc8uRKYdFdg9q8PvisPcxxDNKOO9IMXInymRg==
    dependencies:
      cross-spawn "7.0.3"
      fast-glob "^3.2.11"
      fs-extra "^10.1.0"
      picocolors "^1.0.0"
      run-in-task-pool "^0.10.0"
      svelte-tsc "^0.10.0"
      typescript "^4.6.4"
      vue-tsc "^0.39.0"
  
  vite-plugin-build@^0.7.1:
    version "0.7.1"
    resolved "https://npm.corp.kuaishou.com/vite-plugin-build/-/vite-plugin-build-0.7.1.tgz#ac979fc02d57a0daf25d4a67599ccb0de1e0b690"
    integrity sha512-IbJQ/U5WU2DiOfHbJbCqcGOytZRWYSbVB2YRPubIJGOV09fAx6S/yolPmsjgxO/H8mvF0a3oEZQWIJSujHAp0Q==
    dependencies:
      cross-spawn "7.0.3"
      fast-glob "^3.2.11"
      fs-extra "^10.1.0"
      picocolors "^1.0.0"
      svelte-tsc "^0.7.1"
      typescript "^4.6.4"
      vue-tsc "^0.39.0"
  
  vite@^4.4.11:
    version "4.4.11"
    resolved "https://npm.corp.kuaishou.com/vite/-/vite-4.4.11.tgz#babdb055b08c69cfc4c468072a2e6c9ca62102b0"
    integrity sha512-ksNZJlkcU9b0lBwAGZGGaZHCMqHsc8OpgtoYhsQ4/I2v5cnpmmmqe5pM4nv/4Hn6G/2GhTdj0DhZh2e+Er1q5A==
    dependencies:
      esbuild "^0.18.10"
      postcss "^8.4.27"
      rollup "^3.27.1"
    optionalDependencies:
      fsevents "~2.3.2"
  
  vue-tsc@^0.39.0:
    version "0.39.5"
    resolved "https://npm.corp.kuaishou.com/vue-tsc/-/vue-tsc-0.39.5.tgz#0b75f5c3574b70fb448982702db2aa532a7fad6e"
    integrity sha512-jhTsrKhZkafpIeN4Cbhr1K53hNfa/oesSrlh7hUaeHyCk55VhZT6oJkwJbtqN4MYkWZIwPrm3/xTwsELuf2ocg==
    dependencies:
      "@volar/vue-language-core" "0.39.5"
      "@volar/vue-typescript" "0.39.5"
  
  which@^2.0.1:
    version "2.0.2"
    resolved "https://npm.corp.kuaishou.com/which/-/which-2.0.2.tgz#7c6a8dd0a636a0327e10b59c9286eee93f3f51b1"
    integrity sha512-BLI3Tl1TW3Pvl70l3yq3Y64i+awpwXqsGBYWkkqMtnbXgrMD+yj7rhW0kuEDxzJaYXGjEW5ogapKNMEKNMjibA==
    dependencies:
      isexe "^2.0.0"
  
  yallist@^4.0.0:
    version "4.0.0"
    resolved "https://npm.corp.kuaishou.com/yallist/-/yallist-4.0.0.tgz#9bb92790d9c0effec63be73519e11a35019a3a72"
    integrity sha512-3wdGidZyq5PB084XLES5TpOSRA3wjXAlIWMhum2kRcv/41Sn2emQ0dycQW4uZXLejwKvg6EsvbdlVL+FYEct7A==
